[0mCompiling "resources/public/js/compiled/lotrsolo.js" from ["src/cljs-lotrsolo"]...[0m
[32mSuccessfully compiled "resources/public/js/compiled/lotrsolo.js" in 1.122 seconds.[0m
notifying browser that file changed:  resources/public/js/compiled/soloout/goog/deps.js
notifying browser that file changed:  resources/public/js/compiled/soloout/cljs_deps.js
notifying browser that file changed:  resources\public\js\compiled\soloout\danuraidb\lotrsoloview.js
[0mCompiling "resources/public/js/compiled/lotrsolo.js" from ["src/cljs-lotrsolo"]...[0m
[32mSuccessfully compiled "resources/public/js/compiled/lotrsolo.js" in 1.147 seconds.[0m
notifying browser that file changed:  resources/public/js/compiled/soloout/goog/deps.js
notifying browser that file changed:  resources/public/js/compiled/soloout/cljs_deps.js
notifying browser that file changed:  resources\public\js\compiled\soloout\danuraidb\lotrsoloview.js
[0mCompiling "resources/public/js/compiled/lotrsolo.js" from ["src/cljs-lotrsolo"]...[0m
[32mSuccessfully compiled "resources/public/js/compiled/lotrsolo.js" in 1.003 seconds.[0m
notifying browser that file changed:  resources/public/js/compiled/soloout/goog/deps.js
notifying browser that file changed:  resources/public/js/compiled/soloout/cljs_deps.js
notifying browser that file changed:  resources\public\js\compiled\soloout\danuraidb\lotrsoloview.js
[0mCompiling "resources/public/js/compiled/lotrsolo.js" from ["src/cljs-lotrsolo"]...[0m
[31mFailed to compile "resources/public/js/compiled/lotrsolo.js" in 0.357 seconds.[0m
[36m----  Could not Read  src/cljs-lotrsolo/danuraidb/lotrsoloview.cljs   line:18 ----[0m

  [1mD:\Projects\danuraidb\src\cljs-lotrsolo\danuraidb\lotrsoloview.cljs [line 18, col 86] Unmatched delimiter }.[0m

  [36m16[0m  [36m[:div.col-sm-3[0m
  [36m17[0m  [36m  [:div.h5 "Select Scenario"][0m
  [33m18[0m  [1m  [:select.form-control {:size 10} :value (or (-> @ad :scenario :name) "null")}[0m
  [0m  [0m  [33m  D:\Projects\danuraidb\src\cljs-lotrsolo\danuraidb\lotrsoloview.cljs [line 18, col 86] Unmatched delimiter }.[0m
  [36m19[0m  [36m    (for [s (:scenarios @data)][0m
  [36m20[0m  [36m      ^{:key (gensym)}[:option {:on-click #(selectscenario! s)} (:name s)])]][0m
  [36m21[0m  [36m[:div.col-sm-3 [0m

[36m----  Reader Error : Please see src/cljs-lotrsolo/danuraidb/lotrsoloview.cljs  ----[0m
[0mCompiling "resources/public/js/compiled/lotrsolo.js" from ["src/cljs-lotrsolo"]...[0m
[32mSuccessfully compiled "resources/public/js/compiled/lotrsolo.js" in 1.042 seconds.[0m
notifying browser that file changed:  resources\public\js\compiled\soloout\danuraidb\lotrsoloview.js
[0mCompiling "resources/public/js/compiled/lotrsolo.js" from ["src/cljs-lotrsolo"]...[0m
[32mSuccessfully compiled "resources/public/js/compiled/lotrsolo.js" in 1.365 seconds.[0m
notifying browser that file changed:  resources\public\js\compiled\soloout\danuraidb\lotrsoloview.js
[0mCompiling "resources/public/js/compiled/lotrsolo.js" from ["src/cljs-lotrsolo"]...[0m
[32mSuccessfully compiled "resources/public/js/compiled/lotrsolo.js" in 0.875 seconds.[0m
notifying browser that file changed:  resources\public\js\compiled\soloout\danuraidb\lotrsoloview.js
[0mCompiling "resources/public/js/compiled/lotrsolo.js" from ["src/cljs-lotrsolo"]...[0m
[32mSuccessfully compiled "resources/public/js/compiled/lotrsolo.js" in 0.943 seconds.[0m
notifying browser that file changed:  resources\public\js\compiled\soloout\danuraidb\lotrsoloview.js
[0mCompiling "resources/public/js/compiled/lotrsolo.js" from ["src/cljs-lotrsolo"]...[0m
[32mSuccessfully compiled "resources/public/js/compiled/lotrsolo.js" in 1.037 seconds.[0m
notifying browser that file changed:  resources\public\js\compiled\soloout\danuraidb\lotrsoloview.js
[0mCompiling "resources/public/js/compiled/lotrsolo.js" from ["src/cljs-lotrsolo"]...[0m
[32mSuccessfully compiled "resources/public/js/compiled/lotrsolo.js" in 1.028 seconds.[0m
notifying browser that file changed:  resources\public\js\compiled\soloout\danuraidb\lotrsoloview.js
[0mCompiling "resources/public/js/compiled/lotrsolo.js" from ["src/cljs-lotrsolo"]...[0m
[32mSuccessfully compiled "resources/public/js/compiled/lotrsolo.js" in 1.022 seconds.[0m
notifying browser that file changed:  resources\public\js\compiled\soloout\danuraidb\lotrsoloview.js
[0mCompiling "resources/public/js/compiled/lotrsolo.js" from ["src/cljs-lotrsolo"]...[0m
[32mSuccessfully compiled "resources/public/js/compiled/lotrsolo.js" in 1.064 seconds.[0m
notifying browser that file changed:  resources\public\js\compiled\soloout\danuraidb\lotrsoloview.js
[0mCompiling "resources/public/js/compiled/lotrsolo.js" from ["src/cljs-lotrsolo"]...[0m
[32mSuccessfully compiled "resources/public/js/compiled/lotrsolo.js" in 1.042 seconds.[0m
notifying browser that file changed:  resources\public\js\compiled\soloout\danuraidb\lotrsoloview.js
[0mCompiling "resources/public/js/compiled/lotrsolo.js" from ["src/cljs-lotrsolo"]...[0m
[32mSuccessfully compiled "resources/public/js/compiled/lotrsolo.js" in 1.011 seconds.[0m
notifying browser that file changed:  resources\public\js\compiled\soloout\danuraidb\lotrsoloview.js
[0mCompiling "resources/public/js/compiled/lotrsolo.js" from ["src/cljs-lotrsolo"]...[0m
[32mSuccessfully compiled "resources/public/js/compiled/lotrsolo.js" in 0.948 seconds.[0m
notifying browser that file changed:  resources\public\js\compiled\soloout\danuraidb\lotrsoloview.js
[0mCompiling "resources/public/js/compiled/lotrsolo.js" from ["src/cljs-lotrsolo"]...[0m
[31mFailed to compile "resources/public/js/compiled/lotrsolo.js" in 0.346 seconds.[0m
[36m----  Could not Analyze  src/cljs-lotrsolo/danuraidb/lotrsoloview.cljs  ----[0m

  [1mInvalid :refer, var danuraidb.lotrsolomodel/select-deck! does not exist [0m

[36m----  Analysis Error : Please see src/cljs-lotrsolo/danuraidb/lotrsoloview.cljs  ----[0m
[0mCompiling "resources/public/js/compiled/lotrsolo.js" from ["src/cljs-lotrsolo"]...[0m
[32mSuccessfully compiled "resources/public/js/compiled/lotrsolo.js" in 1.081 seconds.[0m
notifying browser that file changed:  resources\public\js\compiled\soloout\danuraidb\lotrsolomodel.js
[0mCompiling "resources/public/js/compiled/lotrsolo.js" from ["src/cljs-lotrsolo"]...[0m
[32mSuccessfully compiled "resources/public/js/compiled/lotrsolo.js" in 1.088 seconds.[0m
notifying browser that file changed:  resources\public\js\compiled\soloout\danuraidb\lotrsolomodel.js
[0mCompiling "resources/public/js/compiled/lotrsolo.js" from ["src/cljs-lotrsolo"]...[0m
[32mSuccessfully compiled "resources/public/js/compiled/lotrsolo.js" in 0.894 seconds.[0m
notifying browser that file changed:  resources\public\js\compiled\soloout\danuraidb\lotrsoloview.js
[0mCompiling "resources/public/js/compiled/lotrsolo.js" from ["src/cljs-lotrsolo"]...[0m
[32mSuccessfully compiled "resources/public/js/compiled/lotrsolo.js" in 1.185 seconds.[0m
notifying browser that file changed:  resources\public\js\compiled\soloout\danuraidb\lotrsoloview.js
[0mCompiling "resources/public/js/compiled/lotrsolo.js" from ["src/cljs-lotrsolo"]...[0m
[32mSuccessfully compiled "resources/public/js/compiled/lotrsolo.js" in 1.012 seconds.[0m
notifying browser that file changed:  resources\public\js\compiled\soloout\danuraidb\lotrsoloview.js
[0mCompiling "resources/public/js/compiled/lotrsolo.js" from ["src/cljs-lotrsolo"]...[0m
[31mFailed to compile "resources/public/js/compiled/lotrsolo.js" in 0.364 seconds.[0m
[36m----  Could not Read  src/cljs-lotrsolo/danuraidb/lotrsolomodel.cljs   line:134 ----[0m

  [1mD:\Projects\danuraidb\src\cljs-lotrsolo\danuraidb\lotrsolomodel.cljs [line 134, col 44] Unexpected EOF while reading item 13 of list, starting at line 55 and column 1.[0m

  [36m132[0m  [36m(if (contains? (:selected @ad) id)[0m
  [36m133[0m  [36m    (swap! ad assoc :selected #{})[0m
  [33m134[0m  [1m    (swap! ad assoc :selected #{id}))))[0m
  [0m   [0m  [33m    D:\Projects\danuraidb\src\cljs-lotrsolo\danuraidb\lotrsolomodel.cljs [line 134, col 44] Unexpected EOF while reading item 13 of list, starting at line 55 and column 1.[0m

[36m----  Reader Error : Please see src/cljs-lotrsolo/danuraidb/lotrsolomodel.cljs  ----[0m
[0mCompiling "resources/public/js/compiled/lotrsolo.js" from ["src/cljs-lotrsolo"]...[0m
[31mFailed to compile "resources/public/js/compiled/lotrsolo.js" in 0.379 seconds.[0m
[36m----  Could not Read  src/cljs-lotrsolo/danuraidb/lotrsolomodel.cljs   line:134 ----[0m

  [1mD:\Projects\danuraidb\src\cljs-lotrsolo\danuraidb\lotrsolomodel.cljs [line 134, col 44] Unexpected EOF while reading item 13 of list, starting at line 55 and column 1.[0m

  [36m132[0m  [36m(if (contains? (:selected @ad) id)[0m
  [36m133[0m  [36m    (swap! ad assoc :selected #{})[0m
  [33m134[0m  [1m    (swap! ad assoc :selected #{id}))))[0m
  [0m   [0m  [33m    D:\Projects\danuraidb\src\cljs-lotrsolo\danuraidb\lotrsolomodel.cljs [line 134, col 44] Unexpected EOF while reading item 13 of list, starting at line 55 and column 1.[0m

[36m----  Reader Error : Please see src/cljs-lotrsolo/danuraidb/lotrsolomodel.cljs  ----[0m
[0mCompiling "resources/public/js/compiled/lotrsolo.js" from ["src/cljs-lotrsolo"]...[0m
[32mSuccessfully compiled "resources/public/js/compiled/lotrsolo.js" in 0.98 seconds.[0m
notifying browser that file changed:  resources\public\js\compiled\soloout\danuraidb\lotrsolomodel.js
[0mCompiling "resources/public/js/compiled/lotrsolo.js" from ["src/cljs-lotrsolo"]...[0m
[32mSuccessfully compiled "resources/public/js/compiled/lotrsolo.js" in 1.296 seconds.[0m
notifying browser that file changed:  resources\public\js\compiled\soloout\danuraidb\lotrsolomodel.js
[0mCompiling "resources/public/js/compiled/lotrsolo.js" from ["src/cljs-lotrsolo"]...[0m
[32mSuccessfully compiled "resources/public/js/compiled/lotrsolo.js" in 1.035 seconds.[0m
notifying browser that file changed:  resources\public\js\compiled\soloout\danuraidb\lotrsoloview.js
[0mCompiling "resources/public/js/compiled/lotrsolo.js" from ["src/cljs-lotrsolo"]...[0m
[32mSuccessfully compiled "resources/public/js/compiled/lotrsolo.js" in 0.963 seconds.[0m
notifying browser that file changed:  resources\public\js\compiled\soloout\danuraidb\lotrsoloview.js
[0mCompiling "resources/public/js/compiled/lotrsolo.js" from ["src/cljs-lotrsolo"]...[0m
[31mFailed to compile "resources/public/js/compiled/lotrsolo.js" in 0.35 seconds.[0m
[36m----  Could not Read  src/cljs-lotrsolo/danuraidb/lotrsoloview.cljs   line:25 ----[0m

  [1mD:\Projects\danuraidb\src\cljs-lotrsolo\danuraidb\lotrsoloview.cljs [line 25, col 76] Unmatched delimiter ].[0m

  [36m23[0m  [36m  [:select.form-control {:size 10 :value (or (-> @ad :pdeck :name) "null") :on-change #()}[0m
  [36m24[0m  [36m    (for [d (:decks @data)][0m
  [33m25[0m  [1m      ^{:key (gensym)}[:option {:on-click #(selectdeck! d) (:name d)])]][0m
  [0m  [0m  [33m      D:\Projects\danuraidb\src\cljs-lotrsolo\danuraidb\lotrsoloview.cljs [line 25, col 76] Unmatched delimiter ].[0m
  [36m26[0m  [36m[:div.col-sm-3[0m
  [36m27[0m  [36m  [:h4 (-> @ad :scenario :name)] [0m
  [36m28[0m  [36m  ][0m

[36m----  Reader Error : Please see src/cljs-lotrsolo/danuraidb/lotrsoloview.cljs  ----[0m
[0mCompiling "resources/public/js/compiled/lotrsolo.js" from ["src/cljs-lotrsolo"]...[0m
[32mSuccessfully compiled "resources/public/js/compiled/lotrsolo.js" in 1.038 seconds.[0m
notifying browser that file changed:  resources\public\js\compiled\soloout\danuraidb\lotrsoloview.js
[0mCompiling "resources/public/js/compiled/lotrsolo.js" from ["src/cljs-lotrsolo"]...[0m
[32mSuccessfully compiled "resources/public/js/compiled/lotrsolo.js" in 1.356 seconds.[0m
notifying browser that file changed:  resources\public\js\compiled\soloout\danuraidb\lotrsoloview.js
[0mCompiling "resources/public/js/compiled/lotrsolo.js" from ["src/cljs-lotrsolo"]...[0m
[32mSuccessfully compiled "resources/public/js/compiled/lotrsolo.js" in 0.991 seconds.[0m
notifying browser that file changed:  resources\public\js\compiled\soloout\danuraidb\lotrsolomodel.js
[0mCompiling "resources/public/js/compiled/lotrsolo.js" from ["src/cljs-lotrsolo"]...[0m
[31mFailed to compile "resources/public/js/compiled/lotrsolo.js" in 0.375 seconds.[0m
[36m----  Could not Read  src/cljs-lotrsolo/danuraidb/lotrsoloview.cljs   line:25 ----[0m

  [1mD:\Projects\danuraidb\src\cljs-lotrsolo\danuraidb\lotrsoloview.cljs [line 25, col 76] Unmatched delimiter ].[0m

  [36m23[0m  [36m  [:select.form-control {:size 10 :value (or (-> @ad :pdeck :name) "null") :on-change #()}[0m
  [36m24[0m  [36m    (for [d (:pdecks @data)][0m
  [33m25[0m  [1m      ^{:key (gensym)}[:option {:on-click #(selectdeck! d) (:name d)])]][0m
  [0m  [0m  [33m      D:\Projects\danuraidb\src\cljs-lotrsolo\danuraidb\lotrsoloview.cljs [line 25, col 76] Unmatched delimiter ].[0m
  [36m26[0m  [36m[:div.col-sm-3[0m
  [36m27[0m  [36m  [:h4 (-> @ad :scenario :name)] [0m
  [36m28[0m  [36m  ][0m

[36m----  Reader Error : Please see src/cljs-lotrsolo/danuraidb/lotrsoloview.cljs  ----[0m
[0mCompiling "resources/public/js/compiled/lotrsolo.js" from ["src/cljs-lotrsolo"]...[0m
[32mSuccessfully compiled "resources/public/js/compiled/lotrsolo.js" in 1.213 seconds.[0m
notifying browser that file changed:  resources\public\js\compiled\soloout\danuraidb\lotrsoloview.js
[0mCompiling "resources/public/js/compiled/lotrsolo.js" from ["src/cljs-lotrsolo"]...[0m
[32mSuccessfully compiled "resources/public/js/compiled/lotrsolo.js" in 1.195 seconds.[0m
notifying browser that file changed:  resources\public\js\compiled\soloout\danuraidb\lotrsoloview.js
[0mCompiling "resources/public/js/compiled/lotrsolo.js" from ["src/cljs-lotrsolo"]...[0m
[32mSuccessfully compiled "resources/public/js/compiled/lotrsolo.js" in 0.918 seconds.[0m
notifying browser that file changed:  resources\public\js\compiled\soloout\danuraidb\lotrsoloview.js
[0mCompiling "resources/public/js/compiled/lotrsolo.js" from ["src/cljs-lotrsolo"]...[0m
[31mFailed to compile "resources/public/js/compiled/lotrsolo.js" in 0.457 seconds.[0m
[36m----  Could not Analyze  src/cljs-lotrsolo/danuraidb/lotrsoloview.cljs  ----[0m

  [1mInvalid :refer, var danuraidb.lotrsolomodel/selectdeck! does not exist [0m

[36m----  Analysis Error : Please see src/cljs-lotrsolo/danuraidb/lotrsoloview.cljs  ----[0m
[0mCompiling "resources/public/js/compiled/lotrsolo.js" from ["src/cljs-lotrsolo"]...[0m
[31mFailed to compile "resources/public/js/compiled/lotrsolo.js" in 0.347 seconds.[0m
[36m----  Could not Analyze  src/cljs-lotrsolo/danuraidb/lotrsoloview.cljs  ----[0m

  [1mInvalid :refer, var danuraidb.lotrsolomodel/selectdeck! does not exist [0m

[36m----  Analysis Error : Please see src/cljs-lotrsolo/danuraidb/lotrsoloview.cljs  ----[0m
[0mCompiling "resources/public/js/compiled/lotrsolo.js" from ["src/cljs-lotrsolo"]...[0m
[31mFailed to compile "resources/public/js/compiled/lotrsolo.js" in 0.49 seconds.[0m
[36m----  Could not Analyze  src/cljs-lotrsolo/danuraidb/lotrsoloview.cljs  ----[0m

  [1mInvalid :refer, var danuraidb.lotrsolomodel/selectdeck! does not exist [0m

[36m----  Analysis Error : Please see src/cljs-lotrsolo/danuraidb/lotrsoloview.cljs  ----[0m
[0mCompiling "resources/public/js/compiled/lotrsolo.js" from ["src/cljs-lotrsolo"]...[0m
[31mFailed to compile "resources/public/js/compiled/lotrsolo.js" in 0.662 seconds.[0m
[36m----  Could not Analyze  src/cljs-lotrsolo/danuraidb/lotrsoloview.cljs  ----[0m

  [1mInvalid :refer, var danuraidb.lotrsolomodel/selectdeck! does not exist [0m

[36m----  Analysis Error : Please see src/cljs-lotrsolo/danuraidb/lotrsoloview.cljs  ----[0m
[0mCompiling "resources/public/js/compiled/lotrsolo.js" from ["src/cljs-lotrsolo"]...[0m
[32mSuccessfully compiled "resources/public/js/compiled/lotrsolo.js" in 1.022 seconds.[0m
notifying browser that file changed:  resources\public\js\compiled\soloout\danuraidb\lotrsoloview.js
[0mCompiling "resources/public/js/compiled/lotrsolo.js" from ["src/cljs-lotrsolo"]...[0m
[32mSuccessfully compiled "resources/public/js/compiled/lotrsolo.js" in 1.15 seconds.[0m
notifying browser that file changed:  resources\public\js\compiled\soloout\danuraidb\lotrsoloview.js
[0mCompiling "resources/public/js/compiled/lotrsolo.js" from ["src/cljs-lotrsolo"]...[0m
[32mSuccessfully compiled "resources/public/js/compiled/lotrsolo.js" in 1.215 seconds.[0m
notifying browser that file changed:  resources\public\js\compiled\soloout\danuraidb\lotrsolomodel.js
[0mCompiling "resources/public/js/compiled/lotrsolo.js" from ["src/cljs-lotrsolo"]...[0m
[32mSuccessfully compiled "resources/public/js/compiled/lotrsolo.js" in 0.983 seconds.[0m
notifying browser that file changed:  resources\public\js\compiled\soloout\danuraidb\lotrsoloview.js
[0mCompiling "resources/public/js/compiled/lotrsolo.js" from ["src/cljs-lotrsolo"]...[0m
[31mFailed to compile "resources/public/js/compiled/lotrsolo.js" in 0.352 seconds.[0m
[36m----  Could not Read  src/cljs-lotrsolo/danuraidb/lotrsoloview.cljs   line:29 ----[0m

  [1mD:\Projects\danuraidb\src\cljs-lotrsolo\danuraidb\lotrsoloview.cljs [line 29, col 78] Unmatched delimiter ).[0m

  [36m27[0m  [36m  [:h4 (-> @ad :scenario :name)] [0m
  [36m28[0m  [36m  [:h4 (-> @ad :pdeck :name)][0m
  [33m29[0m  [1m  [:button.btn.btn-primary.ml-auto {:on-click #(startsolo!)} "Start"]]))[0m
  [0m  [0m  [33m  D:\Projects\danuraidb\src\cljs-lotrsolo\danuraidb\lotrsoloview.cljs [line 29, col 78] Unmatched delimiter ).[0m
  [36m30[0m  [36m;[:div.col-sm-9[0m
  [36m31[0m  [36m;  [:div.d-flex.mb-2[0m
  [36m32[0m  [36m;    [:div.h5 (:name qc)][0m

[36m----  Reader Error : Please see src/cljs-lotrsolo/danuraidb/lotrsoloview.cljs  ----[0m
[0mCompiling "resources/public/js/compiled/lotrsolo.js" from ["src/cljs-lotrsolo"]...[0m
[32mSuccessfully compiled "resources/public/js/compiled/lotrsolo.js" in 0.973 seconds.[0m
notifying browser that file changed:  resources\public\js\compiled\soloout\danuraidb\lotrsoloview.js
[0mCompiling "resources/public/js/compiled/lotrsolo.js" from ["src/cljs-lotrsolo"]...[0m
[32mSuccessfully compiled "resources/public/js/compiled/lotrsolo.js" in 1.157 seconds.[0m
notifying browser that file changed:  resources\public\js\compiled\soloout\danuraidb\lotrsoloview.js
[0mCompiling "resources/public/js/compiled/lotrsolo.js" from ["src/cljs-lotrsolo"]...[0m
[32mSuccessfully compiled "resources/public/js/compiled/lotrsolo.js" in 0.967 seconds.[0m
notifying browser that file changed:  resources\public\js\compiled\soloout\danuraidb\lotrsoloview.js
[0mCompiling "resources/public/js/compiled/lotrsolo.js" from ["src/cljs-lotrsolo"]...[0m
[36m----  Compiler Warning on   src/cljs-lotrsolo/danuraidb/lotrsolomodel.cljs   line:87  column:41  ----[0m

  [1mUse of undeclared Var danuraidb.lotrsolomodel/create-edeck[0m

  [36m83[0m  [36m;      (mapv (fn [[code qty]][0m
  [36m84[0m  [36m;        (->> @data :cards (filter #(= (:code %) code)) first (repeat qty))) decklist))))[0m
  [36m85[0m  [36m              [0m
  [36m86[0m  [36m(defn startsolo! [][0m
  [33m87[0m  [1m  (swap! ad assoc :edeck (-> @ad :edeck create-edeck)[0m
  [0m  [0m  [33m                                        ^--- Use of undeclared Var danuraidb.lotrsolomodel/create-edeck[0m
  [36m88[0m  [36m                  :screen :setup[0m
  [36m89[0m  [36m                  :stage 1[0m
  [36m90[0m  [36m                  :p1deck (-> @ad :pdeck create-pdeck)))[0m

[36m----  Compiler Warning : Please see src/cljs-lotrsolo/danuraidb/lotrsolomodel.cljs  ----[0m
[32mSuccessfully compiled "resources/public/js/compiled/lotrsolo.js" in 1.13 seconds.[0m
notifying browser that file changed:  resources/public/js/compiled/soloout/goog/deps.js
notifying browser that file changed:  resources/public/js/compiled/soloout/cljs_deps.js
notifying browser that file changed:  resources\public\js\compiled\soloout\danuraidb\lotrsolomodel.js
[0mCompiling "resources/public/js/compiled/lotrsolo.js" from ["src/cljs-lotrsolo"]...[0m
[32mSuccessfully compiled "resources/public/js/compiled/lotrsolo.js" in 1.018 seconds.[0m
notifying browser that file changed:  resources\public\js\compiled\soloout\danuraidb\lotrsoloview.js
[0mCompiling "resources/public/js/compiled/lotrsolo.js" from ["src/cljs-lotrsolo"]...[0m
[36m----  Compiler Warning on   src/cljs-lotrsolo/danuraidb/lotrsolomodel.cljs   line:74  column:3  ----[0m

  [1mUse of undeclared Var danuraidb.lotrsolomodel/null[0m

  [36m70[0m  [36m; Scenario Start ;[0m
  [36m71[0m  [36m;================;[0m
  [36m72[0m  [36m  [0m
  [36m73[0m  [36m(defn create-edeck! [ decklist ][0m
  [33m74[0m  [1m  null)[0m
  [0m  [0m  [33m  ^--- Use of undeclared Var danuraidb.lotrsolomodel/null[0m
  [36m75[0m  [36m[0m
  [36m76[0m  [36m(defn create-pdeck [ decklist ][0m
  [36m77[0m  [36m  null)[0m
  [36m78[0m  [36m;  (map-indexed (fn [id c][0m
  [36m79[0m  [36m;    (if (= (:type_code c) "hero")[0m

[36m----  Compiler Warning : Please see src/cljs-lotrsolo/danuraidb/lotrsolomodel.cljs  ----[0m
[36m----  Compiler Warning on   src/cljs-lotrsolo/danuraidb/lotrsolomodel.cljs   line:77  column:3  ----[0m

  [1mUse of undeclared Var danuraidb.lotrsolomodel/null[0m

  [36m73[0m  [36m(defn create-edeck! [ decklist ][0m
  [36m74[0m  [36m  null)[0m
  [36m75[0m  [36m[0m
  [36m76[0m  [36m(defn create-pdeck [ decklist ][0m
  [33m77[0m  [1m  null)[0m
  [0m  [0m  [33m  ^--- Use of undeclared Var danuraidb.lotrsolomodel/null[0m
  [36m78[0m  [36m;  (map-indexed (fn [id c][0m
  [36m79[0m  [36m;    (if (= (:type_code c) "hero")[0m
  [36m80[0m  [36m;        (assoc c :id (str "p1" id) :loc :hero)[0m
  [36m81[0m  [36m;        (assoc c :id (str "p1" id) :loc :deck)))[0m
  [36m82[0m  [36m;    (apply concat[0m

[36m----  Compiler Warning : Please see src/cljs-lotrsolo/danuraidb/lotrsolomodel.cljs  ----[0m
[36m----  Compiler Warning on   src/cljs-lotrsolo/danuraidb/lotrsolomodel.cljs   line:87  column:41  ----[0m

  [1mUse of undeclared Var danuraidb.lotrsolomodel/create-edeck[0m

  [36m83[0m  [36m;      (mapv (fn [[code qty]][0m
  [36m84[0m  [36m;        (->> @data :cards (filter #(= (:code %) code)) first (repeat qty))) decklist))))[0m
  [36m85[0m  [36m              [0m
  [36m86[0m  [36m(defn startsolo! [][0m
  [33m87[0m  [1m  (swap! ad assoc :edeck (-> @ad :edeck create-edeck)[0m
  [0m  [0m  [33m                                        ^--- Use of undeclared Var danuraidb.lotrsolomodel/create-edeck[0m
  [36m88[0m  [36m                  :screen :setup[0m
  [36m89[0m  [36m                  :stage 1[0m
  [36m90[0m  [36m                  :p1deck (-> @ad :pdeck create-pdeck)))[0m

[36m----  Compiler Warning : Please see src/cljs-lotrsolo/danuraidb/lotrsolomodel.cljs  ----[0m
[32mSuccessfully compiled "resources/public/js/compiled/lotrsolo.js" in 1.22 seconds.[0m
notifying browser that file changed:  resources\public\js\compiled\soloout\danuraidb\lotrsolomodel.js
[0mCompiling "resources/public/js/compiled/lotrsolo.js" from ["src/cljs-lotrsolo"]...[0m
[36m----  Compiler Warning on   src/cljs-lotrsolo/danuraidb/lotrsolomodel.cljs   line:77  column:3  ----[0m

  [1mUse of undeclared Var danuraidb.lotrsolomodel/nul[0m

  [36m73[0m  [36m(defn create-edeck! [ decklist ][0m
  [36m74[0m  [36m  nil)[0m
  [36m75[0m  [36m[0m
  [36m76[0m  [36m(defn create-pdeck [ decklist ][0m
  [33m77[0m  [1m  nul)[0m
  [0m  [0m  [33m  ^--- Use of undeclared Var danuraidb.lotrsolomodel/nul[0m
  [36m78[0m  [36m;  (map-indexed (fn [id c][0m
  [36m79[0m  [36m;    (if (= (:type_code c) "hero")[0m
  [36m80[0m  [36m;        (assoc c :id (str "p1" id) :loc :hero)[0m
  [36m81[0m  [36m;        (assoc c :id (str "p1" id) :loc :deck)))[0m
  [36m82[0m  [36m;    (apply concat[0m

[36m----  Compiler Warning : Please see src/cljs-lotrsolo/danuraidb/lotrsolomodel.cljs  ----[0m
[36m----  Compiler Warning on   src/cljs-lotrsolo/danuraidb/lotrsolomodel.cljs   line:87  column:41  ----[0m

  [1mUse of undeclared Var danuraidb.lotrsolomodel/create-edeck[0m

  [36m83[0m  [36m;      (mapv (fn [[code qty]][0m
  [36m84[0m  [36m;        (->> @data :cards (filter #(= (:code %) code)) first (repeat qty))) decklist))))[0m
  [36m85[0m  [36m              [0m
  [36m86[0m  [36m(defn startsolo! [][0m
  [33m87[0m  [1m  (swap! ad assoc :edeck (-> @ad :edeck create-edeck)[0m
  [0m  [0m  [33m                                        ^--- Use of undeclared Var danuraidb.lotrsolomodel/create-edeck[0m
  [36m88[0m  [36m                  :screen :setup[0m
  [36m89[0m  [36m                  :stage 1[0m
  [36m90[0m  [36m                  :p1deck (-> @ad :pdeck create-pdeck)))[0m

[36m----  Compiler Warning : Please see src/cljs-lotrsolo/danuraidb/lotrsolomodel.cljs  ----[0m
[32mSuccessfully compiled "resources/public/js/compiled/lotrsolo.js" in 1.2 seconds.[0m
notifying browser that file changed:  resources\public\js\compiled\soloout\danuraidb\lotrsolomodel.js
[0mCompiling "resources/public/js/compiled/lotrsolo.js" from ["src/cljs-lotrsolo"]...[0m
[36m----  Compiler Warning on   src/cljs-lotrsolo/danuraidb/lotrsolomodel.cljs   line:87  column:41  ----[0m

  [1mUse of undeclared Var danuraidb.lotrsolomodel/create-edeck[0m

  [36m83[0m  [36m;      (mapv (fn [[code qty]][0m
  [36m84[0m  [36m;        (->> @data :cards (filter #(= (:code %) code)) first (repeat qty))) decklist))))[0m
  [36m85[0m  [36m              [0m
  [36m86[0m  [36m(defn startsolo! [][0m
  [33m87[0m  [1m  (swap! ad assoc :edeck (-> @ad :edeck create-edeck)[0m
  [0m  [0m  [33m                                        ^--- Use of undeclared Var danuraidb.lotrsolomodel/create-edeck[0m
  [36m88[0m  [36m                  :screen :setup[0m
  [36m89[0m  [36m                  :stage 1[0m
  [36m90[0m  [36m                  :p1deck (-> @ad :pdeck create-pdeck)))[0m

[36m----  Compiler Warning : Please see src/cljs-lotrsolo/danuraidb/lotrsolomodel.cljs  ----[0m
[32mSuccessfully compiled "resources/public/js/compiled/lotrsolo.js" in 1.131 seconds.[0m
notifying browser that file changed:  resources\public\js\compiled\soloout\danuraidb\lotrsolomodel.js
[0mCompiling "resources/public/js/compiled/lotrsolo.js" from ["src/cljs-lotrsolo"]...[0m
[32mSuccessfully compiled "resources/public/js/compiled/lotrsolo.js" in 1.027 seconds.[0m
notifying browser that file changed:  resources\public\js\compiled\soloout\danuraidb\lotrsolomodel.js
[0mCompiling "resources/public/js/compiled/lotrsolo.js" from ["src/cljs-lotrsolo"]...[0m
[32mSuccessfully compiled "resources/public/js/compiled/lotrsolo.js" in 1.189 seconds.[0m
notifying browser that file changed:  resources\public\js\compiled\soloout\danuraidb\lotrsolomodel.js
[0mCompiling "resources/public/js/compiled/lotrsolo.js" from ["src/cljs-lotrsolo"]...[0m
[32mSuccessfully compiled "resources/public/js/compiled/lotrsolo.js" in 1.172 seconds.[0m
notifying browser that file changed:  resources\public\js\compiled\soloout\danuraidb\lotrsolomodel.js
[0mCompiling "resources/public/js/compiled/lotrsolo.js" from ["src/cljs-lotrsolo"]...[0m
[32mSuccessfully compiled "resources/public/js/compiled/lotrsolo.js" in 1.133 seconds.[0m
notifying browser that file changed:  resources\public\js\compiled\soloout\danuraidb\lotrsolomodel.js
[0mCompiling "resources/public/js/compiled/lotrsolo.js" from ["src/cljs-lotrsolo"]...[0m
[32mSuccessfully compiled "resources/public/js/compiled/lotrsolo.js" in 1.069 seconds.[0m
notifying browser that file changed:  resources\public\js\compiled\soloout\danuraidb\lotrsolomodel.js
[0mCompiling "resources/public/js/compiled/lotrsolo.js" from ["src/cljs-lotrsolo"]...[0m
[32mSuccessfully compiled "resources/public/js/compiled/lotrsolo.js" in 2.341 seconds.[0m
notifying browser that file changed:  resources\public\js\compiled\soloout\danuraidb\lotrsolomodel.js
[0mCompiling "resources/public/js/compiled/lotrsolo.js" from ["src/cljs-lotrsolo"]...[0m
[32mSuccessfully compiled "resources/public/js/compiled/lotrsolo.js" in 1.051 seconds.[0m
notifying browser that file changed:  resources\public\js\compiled\soloout\danuraidb\lotrsolomodel.js
[0mCompiling "resources/public/js/compiled/lotrsolo.js" from ["src/cljs-lotrsolo"]...[0m
[32mSuccessfully compiled "resources/public/js/compiled/lotrsolo.js" in 1.063 seconds.[0m
notifying browser that file changed:  resources\public\js\compiled\soloout\danuraidb\lotrsolomodel.js
[0mCompiling "resources/public/js/compiled/lotrsolo.js" from ["src/cljs-lotrsolo"]...[0m
[32mSuccessfully compiled "resources/public/js/compiled/lotrsolo.js" in 0.988 seconds.[0m
notifying browser that file changed:  resources\public\js\compiled\soloout\danuraidb\lotrsolomodel.js
[0mCompiling "resources/public/js/compiled/lotrsolo.js" from ["src/cljs-lotrsolo"]...[0m
[32mSuccessfully compiled "resources/public/js/compiled/lotrsolo.js" in 1.05 seconds.[0m
notifying browser that file changed:  resources\public\js\compiled\soloout\danuraidb\lotrsolomodel.js
[0mCompiling "resources/public/js/compiled/lotrsolo.js" from ["src/cljs-lotrsolo"]...[0m
[32mSuccessfully compiled "resources/public/js/compiled/lotrsolo.js" in 1.028 seconds.[0m
notifying browser that file changed:  resources\public\js\compiled\soloout\danuraidb\lotrsolomodel.js
[0mCompiling "resources/public/js/compiled/lotrsolo.js" from ["src/cljs-lotrsolo"]...[0m
[32mSuccessfully compiled "resources/public/js/compiled/lotrsolo.js" in 1.002 seconds.[0m
notifying browser that file changed:  resources\public\js\compiled\soloout\danuraidb\lotrsolomodel.js
[0mCompiling "resources/public/js/compiled/lotrsolo.js" from ["src/cljs-lotrsolo"]...[0m
[32mSuccessfully compiled "resources/public/js/compiled/lotrsolo.js" in 1.106 seconds.[0m
notifying browser that file changed:  resources\public\js\compiled\soloout\danuraidb\lotrsolomodel.js
[0mCompiling "resources/public/js/compiled/lotrsolo.js" from ["src/cljs-lotrsolo"]...[0m
[36m----  Compiler Warning on   src/cljs-lotrsolo/danuraidb/lotrsolomodel.cljs   line:61  column:56  ----[0m

  [1mUse of undeclared Var danuraidb.lotrsolomodel/s[0m

  [36m57[0m  [36m; Scenario Start ;[0m
  [36m58[0m  [36m;================;[0m
  [36m59[0m  [36m  [0m
  [36m60[0m  [36m(defn create-edeck! [ decklist ][0m
  [33m61[0m  [1m  (let [ql (->> questinfo (filter #(= (:name %) (:name s))) first :loc)[0m
  [0m  [0m  [33m                                                       ^--- Use of undeclared Var danuraidb.lotrsolomodel/s[0m
  [36m62[0m  [36m        encounterset   (->> s :encounters (map :code) set)[0m
  [36m63[0m  [36m        encountercards (->> @data :cards (filter #(contains? encounterset (:encounter_name %))))[0m
  [36m64[0m  [36m        encounterdeck  (->> encountercards [0m
  [36m65[0m  [36m                            (filter #(not= (:type_code %) "quest")) [0m
  [36m66[0m  [36m                            (map #(repeat (:quantity %) %)) [0m

[36m----  Compiler Warning : Please see src/cljs-lotrsolo/danuraidb/lotrsolomodel.cljs  ----[0m
[36m----  Compiler Warning on   src/cljs-lotrsolo/danuraidb/lotrsolomodel.cljs   line:61  column:17  ----[0m

  [1mUse of undeclared Var danuraidb.lotrsolomodel/questinfo[0m

  [36m57[0m  [36m; Scenario Start ;[0m
  [36m58[0m  [36m;================;[0m
  [36m59[0m  [36m  [0m
  [36m60[0m  [36m(defn create-edeck! [ decklist ][0m
  [33m61[0m  [1m  (let [ql (->> questinfo (filter #(= (:name %) (:name s))) first :loc)[0m
  [0m  [0m  [33m                ^--- Use of undeclared Var danuraidb.lotrsolomodel/questinfo[0m
  [36m62[0m  [36m        encounterset   (->> s :encounters (map :code) set)[0m
  [36m63[0m  [36m        encountercards (->> @data :cards (filter #(contains? encounterset (:encounter_name %))))[0m
  [36m64[0m  [36m        encounterdeck  (->> encountercards [0m
  [36m65[0m  [36m                            (filter #(not= (:type_code %) "quest")) [0m
  [36m66[0m  [36m                            (map #(repeat (:quantity %) %)) [0m

[36m----  Compiler Warning : Please see src/cljs-lotrsolo/danuraidb/lotrsolomodel.cljs  ----[0m
[36m----  Compiler Warning on   src/cljs-lotrsolo/danuraidb/lotrsolomodel.cljs   line:62  column:29  ----[0m

  [1mUse of undeclared Var danuraidb.lotrsolomodel/s[0m

  [36m58[0m  [36m;================;[0m
  [36m59[0m  [36m  [0m
  [36m60[0m  [36m(defn create-edeck! [ decklist ][0m
  [36m61[0m  [36m  (let [ql (->> questinfo (filter #(= (:name %) (:name s))) first :loc)[0m
  [33m62[0m  [1m        encounterset   (->> s :encounters (map :code) set)[0m
  [0m  [0m  [33m                            ^--- Use of undeclared Var danuraidb.lotrsolomodel/s[0m
  [36m63[0m  [36m        encountercards (->> @data :cards (filter #(contains? encounterset (:encounter_name %))))[0m
  [36m64[0m  [36m        encounterdeck  (->> encountercards [0m
  [36m65[0m  [36m                            (filter #(not= (:type_code %) "quest")) [0m
  [36m66[0m  [36m                            (map #(repeat (:quantity %) %)) [0m
  [36m67[0m  [36m                            (apply concat)[0m

[36m----  Compiler Warning : Please see src/cljs-lotrsolo/danuraidb/lotrsolomodel.cljs  ----[0m
[36m----  Compiler Warning on   src/cljs-lotrsolo/danuraidb/lotrsolomodel.cljs   line:70  column:31  ----[0m

  [1mUse of undeclared Var danuraidb.lotrsolomodel/s[0m

  [36m66[0m  [36m                            (map #(repeat (:quantity %) %)) [0m
  [36m67[0m  [36m                            (apply concat)[0m
  [36m68[0m  [36m                            (sort-by :name)[0m
  [36m69[0m  [36m                            (map-indexed #(assoc %2 :id %1 :loc :deck)))][0m
  [33m70[0m  [1m    (swap! ad assoc :scenario s[0m
  [0m  [0m  [33m                              ^--- Use of undeclared Var danuraidb.lotrsolomodel/s[0m
  [36m71[0m  [36m                    :edeck (if ql (initialise-encounter encounterdeck ql) encounterdeck)[0m
  [36m72[0m  [36m                    :qdeck (sort-by :position (filter #(= (:type_code %) "quest") encountercards)))))[0m
  [36m73[0m  [36m              [0m
  [36m74[0m  [36m(defn create-pdeck! [ decklist ][0m
  [36m75[0m  [36m  (let [dl (js->clj (.parse js/JSON decklist))][0m

[36m----  Compiler Warning : Please see src/cljs-lotrsolo/danuraidb/lotrsolomodel.cljs  ----[0m
[36m----  Compiler Warning on   src/cljs-lotrsolo/danuraidb/lotrsolomodel.cljs   line:71  column:36  ----[0m

  [1mUse of undeclared Var danuraidb.lotrsolomodel/initialise-encounter[0m

  [36m67[0m  [36m                            (apply concat)[0m
  [36m68[0m  [36m                            (sort-by :name)[0m
  [36m69[0m  [36m                            (map-indexed #(assoc %2 :id %1 :loc :deck)))][0m
  [36m70[0m  [36m    (swap! ad assoc :scenario s[0m
  [33m71[0m  [1m                    :edeck (if ql (initialise-encounter encounterdeck ql) encounterdeck)[0m
  [0m  [0m  [33m                                   ^--- Use of undeclared Var danuraidb.lotrsolomodel/initialise-encounter[0m
  [36m72[0m  [36m                    :qdeck (sort-by :position (filter #(= (:type_code %) "quest") encountercards)))))[0m
  [36m73[0m  [36m              [0m
  [36m74[0m  [36m(defn create-pdeck! [ decklist ][0m
  [36m75[0m  [36m  (let [dl (js->clj (.parse js/JSON decklist))][0m
  [36m76[0m  [36m    (map-indexed (fn [id c][0m

[36m----  Compiler Warning : Please see src/cljs-lotrsolo/danuraidb/lotrsolomodel.cljs  ----[0m
[32mSuccessfully compiled "resources/public/js/compiled/lotrsolo.js" in 1.277 seconds.[0m
notifying browser that file changed:  resources\public\js\compiled\soloout\danuraidb\lotrsolomodel.js
[0mCompiling "resources/public/js/compiled/lotrsolo.js" from ["src/cljs-lotrsolo"]...[0m
[36m----  Compiler Warning on   src/cljs-lotrsolo/danuraidb/lotrsolomodel.cljs   line:61  column:17  ----[0m

  [1mUse of undeclared Var danuraidb.lotrsolomodel/questinfo[0m

  [36m57[0m  [36m; Scenario Start ;[0m
  [36m58[0m  [36m;================;[0m
  [36m59[0m  [36m  [0m
  [36m60[0m  [36m(defn create-edeck! [ s ][0m
  [33m61[0m  [1m  (let [ql (->> questinfo (filter #(= (:name %) (:name s))) first :loc)[0m
  [0m  [0m  [33m                ^--- Use of undeclared Var danuraidb.lotrsolomodel/questinfo[0m
  [36m62[0m  [36m        encounterset   (->> s :encounters (map :code) set)[0m
  [36m63[0m  [36m        encountercards (->> @data :cards (filter #(contains? encounterset (:encounter_name %))))[0m
  [36m64[0m  [36m        encounterdeck  (->> encountercards [0m
  [36m65[0m  [36m                            (filter #(not= (:type_code %) "quest")) [0m
  [36m66[0m  [36m                            (map #(repeat (:quantity %) %)) [0m

[36m----  Compiler Warning : Please see src/cljs-lotrsolo/danuraidb/lotrsolomodel.cljs  ----[0m
[36m----  Compiler Warning on   src/cljs-lotrsolo/danuraidb/lotrsolomodel.cljs   line:71  column:36  ----[0m

  [1mUse of undeclared Var danuraidb.lotrsolomodel/initialise-encounter[0m

  [36m67[0m  [36m                            (apply concat)[0m
  [36m68[0m  [36m                            (sort-by :name)[0m
  [36m69[0m  [36m                            (map-indexed #(assoc %2 :id %1 :loc :deck)))][0m
  [36m70[0m  [36m    (swap! ad assoc :scenario s[0m
  [33m71[0m  [1m                    :edeck (if ql (initialise-encounter encounterdeck ql) encounterdeck)[0m
  [0m  [0m  [33m                                   ^--- Use of undeclared Var danuraidb.lotrsolomodel/initialise-encounter[0m
  [36m72[0m  [36m                    :qdeck (sort-by :position (filter #(= (:type_code %) "quest") encountercards)))))[0m
  [36m73[0m  [36m              [0m
  [36m74[0m  [36m(defn create-pdeck! [ decklist ][0m
  [36m75[0m  [36m  (let [dl (js->clj (.parse js/JSON decklist))][0m
  [36m76[0m  [36m    (map-indexed (fn [id c][0m

[36m----  Compiler Warning : Please see src/cljs-lotrsolo/danuraidb/lotrsolomodel.cljs  ----[0m
[32mSuccessfully compiled "resources/public/js/compiled/lotrsolo.js" in 1.156 seconds.[0m
notifying browser that file changed:  resources\public\js\compiled\soloout\danuraidb\lotrsolomodel.js
[0mCompiling "resources/public/js/compiled/lotrsolo.js" from ["src/cljs-lotrsolo"]...[0m
[36m----  Compiler Warning on   src/cljs-lotrsolo/danuraidb/lotrsolomodel.cljs   line:69  column:32  ----[0m

  [1mUse of undeclared Var danuraidb.lotrsolomodel/ql[0m

  [36m65[0m  [36m                            (map #(repeat (:quantity %) %)) [0m
  [36m66[0m  [36m                            (apply concat)[0m
  [36m67[0m  [36m                            (sort-by :name)[0m
  [36m68[0m  [36m                            (map-indexed #(assoc %2 :id %1 :loc :deck)))][0m
  [33m69[0m  [1m    (swap! ad assoc :edeck (if ql (initialise-encounter encounterdeck ql) encounterdeck)[0m
  [0m  [0m  [33m                               ^--- Use of undeclared Var danuraidb.lotrsolomodel/ql[0m
  [36m70[0m  [36m                    :qdeck (sort-by :position (filter #(= (:type_code %) "quest") encountercards)))))[0m
  [36m71[0m  [36m              [0m
  [36m72[0m  [36m(defn create-pdeck! [ decklist ][0m
  [36m73[0m  [36m  (let [dl (js->clj (.parse js/JSON decklist))][0m
  [36m74[0m  [36m    (map-indexed (fn [id c][0m

[36m----  Compiler Warning : Please see src/cljs-lotrsolo/danuraidb/lotrsolomodel.cljs  ----[0m
[36m----  Compiler Warning on   src/cljs-lotrsolo/danuraidb/lotrsolomodel.cljs   line:69  column:36  ----[0m

  [1mUse of undeclared Var danuraidb.lotrsolomodel/initialise-encounter[0m

  [36m65[0m  [36m                            (map #(repeat (:quantity %) %)) [0m
  [36m66[0m  [36m                            (apply concat)[0m
  [36m67[0m  [36m                            (sort-by :name)[0m
  [36m68[0m  [36m                            (map-indexed #(assoc %2 :id %1 :loc :deck)))][0m
  [33m69[0m  [1m    (swap! ad assoc :edeck (if ql (initialise-encounter encounterdeck ql) encounterdeck)[0m
  [0m  [0m  [33m                                   ^--- Use of undeclared Var danuraidb.lotrsolomodel/initialise-encounter[0m
  [36m70[0m  [36m                    :qdeck (sort-by :position (filter #(= (:type_code %) "quest") encountercards)))))[0m
  [36m71[0m  [36m              [0m
  [36m72[0m  [36m(defn create-pdeck! [ decklist ][0m
  [36m73[0m  [36m  (let [dl (js->clj (.parse js/JSON decklist))][0m
  [36m74[0m  [36m    (map-indexed (fn [id c][0m

[36m----  Compiler Warning : Please see src/cljs-lotrsolo/danuraidb/lotrsolomodel.cljs  ----[0m
[36m----  Compiler Warning on   src/cljs-lotrsolo/danuraidb/lotrsolomodel.cljs   line:69  column:71  ----[0m

  [1mUse of undeclared Var danuraidb.lotrsolomodel/ql[0m

  [36m65[0m  [36m                            (map #(repeat (:quantity %) %)) [0m
  [36m66[0m  [36m                            (apply concat)[0m
  [36m67[0m  [36m                            (sort-by :name)[0m
  [36m68[0m  [36m                            (map-indexed #(assoc %2 :id %1 :loc :deck)))][0m
  [33m69[0m  [1m    (swap! ad assoc :edeck (if ql (initialise-encounter encounterdeck ql) encounterdeck)[0m
  [0m  [0m  [33m                                                                      ^--- Use of undeclared Var danuraidb.lotrsolomodel/ql[0m
  [36m70[0m  [36m                    :qdeck (sort-by :position (filter #(= (:type_code %) "quest") encountercards)))))[0m
  [36m71[0m  [36m              [0m
  [36m72[0m  [36m(defn create-pdeck! [ decklist ][0m
  [36m73[0m  [36m  (let [dl (js->clj (.parse js/JSON decklist))][0m
  [36m74[0m  [36m    (map-indexed (fn [id c][0m

[36m----  Compiler Warning : Please see src/cljs-lotrsolo/danuraidb/lotrsolomodel.cljs  ----[0m
[32mSuccessfully compiled "resources/public/js/compiled/lotrsolo.js" in 1.212 seconds.[0m
notifying browser that file changed:  resources\public\js\compiled\soloout\danuraidb\lotrsolomodel.js
[0mCompiling "resources/public/js/compiled/lotrsolo.js" from ["src/cljs-lotrsolo"]...[0m
[32mSuccessfully compiled "resources/public/js/compiled/lotrsolo.js" in 1.04 seconds.[0m
notifying browser that file changed:  resources\public\js\compiled\soloout\danuraidb\lotrsolomodel.js
[0mCompiling "resources/public/js/compiled/lotrsolo.js" from ["src/cljs-lotrsolo"]...[0m
[32mSuccessfully compiled "resources/public/js/compiled/lotrsolo.js" in 0.964 seconds.[0m
notifying browser that file changed:  resources\public\js\compiled\soloout\danuraidb\lotrsolomodel.js
[0mCompiling "resources/public/js/compiled/lotrsolo.js" from ["src/cljs-lotrsolo"]...[0m
[32mSuccessfully compiled "resources/public/js/compiled/lotrsolo.js" in 0.949 seconds.[0m
notifying browser that file changed:  resources\public\js\compiled\soloout\danuraidb\lotrsolomodel.js
[0mCompiling "resources/public/js/compiled/lotrsolo.js" from ["src/cljs-lotrsolo"]...[0m
[32mSuccessfully compiled "resources/public/js/compiled/lotrsolo.js" in 0.92 seconds.[0m
notifying browser that file changed:  resources\public\js\compiled\soloout\danuraidb\lotrsoloview.js
[0mCompiling "resources/public/js/compiled/lotrsolo.js" from ["src/cljs-lotrsolo"]...[0m
[31mFailed to compile "resources/public/js/compiled/lotrsolo.js" in 0.348 seconds.[0m
[36m----  Could not Read  src/cljs-lotrsolo/danuraidb/lotrsoloview.cljs   line:36 ----[0m

  [1mD:\Projects\danuraidb\src\cljs-lotrsolo\danuraidb\lotrsoloview.cljs [line 36, col 43] Unmatched delimiter ).[0m

  [36m34[0m  [36m          [:div.col-sm-6[0m
  [36m35[0m  [36m            [:h4 (-> @ad :pdeck :name)][0m
  [33m36[0m  [1m            [:div (-> @ad :pdeck str)]]]]))[0m
  [0m  [0m  [33m            D:\Projects\danuraidb\src\cljs-lotrsolo\danuraidb\lotrsoloview.cljs [line 36, col 43] Unmatched delimiter ).[0m
  [36m37[0m  [36m    [0m
  [36m38[0m  [36m  [0m
  [36m39[0m  [36m(defn exhaust-selected! [][0m

[36m----  Reader Error : Please see src/cljs-lotrsolo/danuraidb/lotrsoloview.cljs  ----[0m
[0mCompiling "resources/public/js/compiled/lotrsolo.js" from ["src/cljs-lotrsolo"]...[0m
[32mSuccessfully compiled "resources/public/js/compiled/lotrsolo.js" in 0.979 seconds.[0m
notifying browser that file changed:  resources\public\js\compiled\soloout\danuraidb\lotrsoloview.js
[0mCompiling "resources/public/js/compiled/lotrsolo.js" from ["src/cljs-lotrsolo"]...[0m
[32mSuccessfully compiled "resources/public/js/compiled/lotrsolo.js" in 1.185 seconds.[0m
notifying browser that file changed:  resources\public\js\compiled\soloout\danuraidb\lotrsoloview.js
[0mCompiling "resources/public/js/compiled/lotrsolo.js" from ["src/cljs-lotrsolo"]...[0m
[32mSuccessfully compiled "resources/public/js/compiled/lotrsolo.js" in 0.974 seconds.[0m
notifying browser that file changed:  resources\public\js\compiled\soloout\danuraidb\lotrsoloview.js
[0mCompiling "resources/public/js/compiled/lotrsolo.js" from ["src/cljs-lotrsolo"]...[0m
[32mSuccessfully compiled "resources/public/js/compiled/lotrsolo.js" in 1.054 seconds.[0m
notifying browser that file changed:  resources\public\js\compiled\soloout\danuraidb\lotrsolomodel.js
[0mCompiling "resources/public/js/compiled/lotrsolo.js" from ["src/cljs-lotrsolo"]...[0m
[32mSuccessfully compiled "resources/public/js/compiled/lotrsolo.js" in 1.032 seconds.[0m
notifying browser that file changed:  resources\public\js\compiled\soloout\danuraidb\lotrsolomodel.js
[0mCompiling "resources/public/js/compiled/lotrsolo.js" from ["src/cljs-lotrsolo"]...[0m
[36m----  Compiler Warning on   src/cljs-lotrsolo/danuraidb/lotrsolomodel.cljs   line:48  column:10  ----[0m

  [1mUse of undeclared Var danuraidb.lotrsolomodel/dl[0m

  [36m44[0m  [36m    (swap! ad assoc :edeck encounterdeck[0m
  [36m45[0m  [36m                    :qdeck (sort-by :position (filter #(= (:type_code %) "quest") encountercards)))))[0m
  [36m46[0m  [36m                    [0m
  [36m47[0m  [36m(defn create-pdeck! [ decklist ][0m
  [33m48[0m  [1m    (prn dl)[0m
  [0m  [0m  [33m         ^--- Use of undeclared Var danuraidb.lotrsolomodel/dl[0m
  [36m49[0m  [36m  (let [dl (js->clj (.parse js/JSON decklist))][0m
  [36m50[0m  [36m    (map-indexed (fn [id c][0m
  [36m51[0m  [36m      (if (= (:type_code c) "hero")[0m
  [36m52[0m  [36m          (assoc c :id (str "p1" id) :loc :hero :resource 0)[0m
  [36m53[0m  [36m          (assoc c :id (str "p1" id) :loc :deck)))[0m

[36m----  Compiler Warning : Please see src/cljs-lotrsolo/danuraidb/lotrsolomodel.cljs  ----[0m
[32mSuccessfully compiled "resources/public/js/compiled/lotrsolo.js" in 1.192 seconds.[0m
notifying browser that file changed:  resources\public\js\compiled\soloout\danuraidb\lotrsolomodel.js
[0mCompiling "resources/public/js/compiled/lotrsolo.js" from ["src/cljs-lotrsolo"]...[0m
[32mSuccessfully compiled "resources/public/js/compiled/lotrsolo.js" in 1.267 seconds.[0m
notifying browser that file changed:  resources\public\js\compiled\soloout\danuraidb\lotrsolomodel.js
[0mCompiling "resources/public/js/compiled/lotrsolo.js" from ["src/cljs-lotrsolo"]...[0m
[32mSuccessfully compiled "resources/public/js/compiled/lotrsolo.js" in 1.035 seconds.[0m
notifying browser that file changed:  resources\public\js\compiled\soloout\danuraidb\lotrsolomodel.js
[0mCompiling "resources/public/js/compiled/lotrsolo.js" from ["src/cljs-lotrsolo"]...[0m
[32mSuccessfully compiled "resources/public/js/compiled/lotrsolo.js" in 1.129 seconds.[0m
notifying browser that file changed:  resources\public\js\compiled\soloout\danuraidb\lotrsolomodel.js
[0mCompiling "resources/public/js/compiled/lotrsolo.js" from ["src/cljs-lotrsolo"]...[0m
[36m----  Compiler Warning on   src/cljs-lotrsolo/danuraidb/lotrsolomodel.cljs   line:49  column:21  ----[0m

  [1mUse of undeclared Var danuraidb.lotrsolomodel/p1deck[0m

  [36m45[0m  [36m                    :qdeck (sort-by :position (filter #(= (:type_code %) "quest") encountercards)))))[0m
  [36m46[0m  [36m                    [0m
  [36m47[0m  [36m(defn create-pdeck! [ decklist ][0m
  [36m48[0m  [36m  (let [dl (js->clj (.parse js/JSON decklist))][0m
  [33m49[0m  [1m    (swap! ad assoc p1deck [0m
  [0m  [0m  [33m                    ^--- Use of undeclared Var danuraidb.lotrsolomodel/p1deck[0m
  [36m50[0m  [36m      (map-indexed (fn [id c][0m
  [36m51[0m  [36m        (if (= (:type_code c) "hero")[0m
  [36m52[0m  [36m            (assoc c :id (str "p1" id) :loc :hero :resource 0)[0m
  [36m53[0m  [36m            (assoc c :id (str "p1" id) :loc :deck)))[0m
  [36m54[0m  [36m        (apply concat[0m

[36m----  Compiler Warning : Please see src/cljs-lotrsolo/danuraidb/lotrsolomodel.cljs  ----[0m
[32mSuccessfully compiled "resources/public/js/compiled/lotrsolo.js" in 1.175 seconds.[0m
notifying browser that file changed:  resources\public\js\compiled\soloout\danuraidb\lotrsolomodel.js
[0mCompiling "resources/public/js/compiled/lotrsolo.js" from ["src/cljs-lotrsolo"]...[0m
[32mSuccessfully compiled "resources/public/js/compiled/lotrsolo.js" in 1.034 seconds.[0m
notifying browser that file changed:  resources\public\js\compiled\soloout\danuraidb\lotrsolomodel.js
[0mCompiling "resources/public/js/compiled/lotrsolo.js" from ["src/cljs-lotrsolo"]...[0m
[32mSuccessfully compiled "resources/public/js/compiled/lotrsolo.js" in 1.022 seconds.[0m
notifying browser that file changed:  resources\public\js\compiled\soloout\danuraidb\lotrsoloview.js
[0mCompiling "resources/public/js/compiled/lotrsolo.js" from ["src/cljs-lotrsolo"]...[0m
[31mFailed to compile "resources/public/js/compiled/lotrsolo.js" in 0.47 seconds.[0m
[36m----  Could not Read  src/cljs-lotrsolo/danuraidb/lotrsoloview.cljs   line:158 ----[0m

  [1mD:\Projects\danuraidb\src\cljs-lotrsolo\danuraidb\lotrsoloview.cljs [line 158, col 10] Unexpected EOF while reading item 10 of list, starting at line 45 and column 1.[0m

  [36m156[0m  [36m[:div (->> @ad :p1deck (map :resource))][0m
  [36m157[0m  [36m[:div (-> @ad (dissoc :pdeck :p1deck :edeck :scenario))][0m
  [33m158[0m  [1m]))[0m
  [0m   [0m  [33mD:\Projects\danuraidb\src\cljs-lotrsolo\danuraidb\lotrsoloview.cljs [line 158, col 10] Unexpected EOF while reading item 10 of list, starting at line 45 and column 1.[0m

[36m----  Reader Error : Please see src/cljs-lotrsolo/danuraidb/lotrsoloview.cljs  ----[0m
[0mCompiling "resources/public/js/compiled/lotrsolo.js" from ["src/cljs-lotrsolo"]...[0m
[36m----  Compiler Warning on   src/cljs-lotrsolo/danuraidb/lotrsoloview.cljs   line:46  column:4  ----[0m

  [1mUse of undeclared Var danuraidb.lotrsoloview/swap[0m

  [36m42[0m  [36m(defn discard-selected! [][0m
  [36m43[0m  [36m  nil)[0m
  [36m44[0m  [36m  [0m
  [36m45[0m  [36m(defn showcards! [][0m
  [33m46[0m  [1m  (swap ad assoc :state nil))[0m
  [0m  [0m  [33m   ^--- Use of undeclared Var danuraidb.lotrsoloview/swap[0m
  [36m47[0m  [36m    [0m
  [36m48[0m  [36m   [0m
  [36m49[0m  [36m(def commandbuttons (r/atom [[0m
  [36m50[0m  [36m  {:active true :title "show" :fn #(showcards!)}[0m
  [36m51[0m  [36m  {:active true :title "Shuffle" :fn #(shuffle-edeck!)}[0m

[36m----  Compiler Warning : Please see src/cljs-lotrsolo/danuraidb/lotrsoloview.cljs  ----[0m
[32mSuccessfully compiled "resources/public/js/compiled/lotrsolo.js" in 1.122 seconds.[0m
notifying browser that file changed:  resources\public\js\compiled\soloout\danuraidb\lotrsoloview.js
[0mCompiling "resources/public/js/compiled/lotrsolo.js" from ["src/cljs-lotrsolo"]...[0m
[32mSuccessfully compiled "resources/public/js/compiled/lotrsolo.js" in 0.818 seconds.[0m
notifying browser that file changed:  resources\public\js\compiled\soloout\danuraidb\lotrsoloview.js
[0mCompiling "resources/public/js/compiled/lotrsolo.js" from ["src/cljs-lotrsolo"]...[0m
[32mSuccessfully compiled "resources/public/js/compiled/lotrsolo.js" in 0.975 seconds.[0m
notifying browser that file changed:  resources\public\js\compiled\soloout\danuraidb\lotrsoloview.js
[0mCompiling "resources/public/js/compiled/lotrsolo.js" from ["src/cljs-lotrsolo"]...[0m
[32mSuccessfully compiled "resources/public/js/compiled/lotrsolo.js" in 0.984 seconds.[0m
notifying browser that file changed:  resources\public\js\compiled\soloout\danuraidb\lotrsoloview.js
[0mCompiling "resources/public/js/compiled/lotrsolo.js" from ["src/cljs-lotrsolo"]...[0m
[32mSuccessfully compiled "resources/public/js/compiled/lotrsolo.js" in 0.952 seconds.[0m
notifying browser that file changed:  resources\public\js\compiled\soloout\danuraidb\lotrsoloview.js
[0mCompiling "resources/public/js/compiled/lotrsolo.js" from ["src/cljs-lotrsolo"]...[0m
[32mSuccessfully compiled "resources/public/js/compiled/lotrsolo.js" in 0.998 seconds.[0m
notifying browser that file changed:  resources\public\js\compiled\soloout\danuraidb\lotrsoloview.js
[0mCompiling "resources/public/js/compiled/lotrsolo.js" from ["src/cljs-lotrsolo"]...[0m
[32mSuccessfully compiled "resources/public/js/compiled/lotrsolo.js" in 1.009 seconds.[0m
notifying browser that file changed:  resources\public\js\compiled\soloout\danuraidb\lotrsoloview.js
[0mCompiling "resources/public/js/compiled/lotrsolo.js" from ["src/cljs-lotrsolo"]...[0m
[32mSuccessfully compiled "resources/public/js/compiled/lotrsolo.js" in 1.281 seconds.[0m
notifying browser that file changed:  resources\public\js\compiled\soloout\danuraidb\lotrsoloview.js
[0mCompiling "resources/public/js/compiled/lotrsolo.js" from ["src/cljs-lotrsolo"]...[0m
[32mSuccessfully compiled "resources/public/js/compiled/lotrsolo.js" in 0.951 seconds.[0m
notifying browser that file changed:  resources\public\js\compiled\soloout\danuraidb\lotrsoloview.js
[0mCompiling "resources/public/js/compiled/lotrsolo.js" from ["src/cljs-lotrsolo"]...[0m
[31mFailed to compile "resources/public/js/compiled/lotrsolo.js" in 0.544 seconds.[0m
[36m----  Could not Read  src/cljs-lotrsolo/danuraidb/lotrsoloview.cljs   line:150 ----[0m

  [1mD:\Projects\danuraidb\src\cljs-lotrsolo\danuraidb\lotrsoloview.cljs [line 150, col 58] Unmatched delimiter ].[0m

  [36m148[0m  [36m[:div.container-fluid.my-3[0m
  [36m149[0m  [36m  (if (= (:state @ad) :showcards)[0m
  [33m150[0m  [1m    [:div.modal.fade.show {:style {:display "block"}]) ; {:style {:position "absolute" :width "100%" :height "100%" :opacity "0.2" :backgrround-color "black" :on-click #(swap! ad dissoc :showcards)}}])[0m
  [0m   [0m  [33m    D:\Projects\danuraidb\src\cljs-lotrsolo\danuraidb\lotrsoloview.cljs [line 150, col 58] Unmatched delimiter ].[0m
  [36m151[0m  [36m  (case (:screen @ad)[0m
  [36m152[0m  [36m    :setup (setup)[0m
  [36m153[0m  [36m    (scenariosetup))[0m

[36m----  Reader Error : Please see src/cljs-lotrsolo/danuraidb/lotrsoloview.cljs  ----[0m
[0mCompiling "resources/public/js/compiled/lotrsolo.js" from ["src/cljs-lotrsolo"]...[0m
[32mSuccessfully compiled "resources/public/js/compiled/lotrsolo.js" in 0.997 seconds.[0m
notifying browser that file changed:  resources\public\js\compiled\soloout\danuraidb\lotrsoloview.js
[0mCompiling "resources/public/js/compiled/lotrsolo.js" from ["src/cljs-lotrsolo"]...[0m
[32mSuccessfully compiled "resources/public/js/compiled/lotrsolo.js" in 1.234 seconds.[0m
notifying browser that file changed:  resources\public\js\compiled\soloout\danuraidb\lotrsoloview.js
[0mCompiling "resources/public/js/compiled/lotrsolo.js" from ["src/cljs-lotrsolo"]...[0m
[31mFailed to compile "resources/public/js/compiled/lotrsolo.js" in 0.438 seconds.[0m
[36m----  Could not Read  src/cljs-lotrsolo/danuraidb/lotrsoloview.cljs   line:150 ----[0m

  [1mD:\Projects\danuraidb\src\cljs-lotrsolo\danuraidb\lotrsoloview.cljs [line 150, col 170] Unmatched delimiter }.[0m

  [36m148[0m  [36m[:div.container-fluid.my-3[0m
  [36m149[0m  [36m  (if (= (:state @ad) :showcards)[0m
  [33m150[0m  [1m    [:div.modal {:style {:display "block" :opacity "0.2" :background-color "black" :overflow-x "hidden" :overflow-y "auto"} :on-click #(swap! ad dissoc :showcards)}}])[0m
  [0m   [0m  [33m    D:\Projects\danuraidb\src\cljs-lotrsolo\danuraidb\lotrsoloview.cljs [line 150, col 170] Unmatched delimiter }.[0m
  [36m151[0m  [36m  (case (:screen @ad)[0m
  [36m152[0m  [36m    :setup (setup)[0m
  [36m153[0m  [36m    (scenariosetup))[0m

[36m----  Reader Error : Please see src/cljs-lotrsolo/danuraidb/lotrsoloview.cljs  ----[0m
[0mCompiling "resources/public/js/compiled/lotrsolo.js" from ["src/cljs-lotrsolo"]...[0m
[32mSuccessfully compiled "resources/public/js/compiled/lotrsolo.js" in 0.937 seconds.[0m
notifying browser that file changed:  resources\public\js\compiled\soloout\danuraidb\lotrsoloview.js
[0mCompiling "resources/public/js/compiled/lotrsolo.js" from ["src/cljs-lotrsolo"]...[0m
[32mSuccessfully compiled "resources/public/js/compiled/lotrsolo.js" in 1.32 seconds.[0m
notifying browser that file changed:  resources\public\js\compiled\soloout\danuraidb\lotrsoloview.js
[0mCompiling "resources/public/js/compiled/lotrsolo.js" from ["src/cljs-lotrsolo"]...[0m
[32mSuccessfully compiled "resources/public/js/compiled/lotrsolo.js" in 0.979 seconds.[0m
notifying browser that file changed:  resources\public\js\compiled\soloout\danuraidb\lotrsoloview.js
[0mCompiling "resources/public/js/compiled/lotrsolo.js" from ["src/cljs-lotrsolo"]...[0m
[32mSuccessfully compiled "resources/public/js/compiled/lotrsolo.js" in 0.947 seconds.[0m
notifying browser that file changed:  resources\public\js\compiled\soloout\danuraidb\lotrsoloview.js
[0mCompiling "resources/public/js/compiled/lotrsolo.js" from ["src/cljs-lotrsolo"]...[0m
[32mSuccessfully compiled "resources/public/js/compiled/lotrsolo.js" in 0.995 seconds.[0m
notifying browser that file changed:  resources\public\js\compiled\soloout\danuraidb\lotrsoloview.js
[0mCompiling "resources/public/js/compiled/lotrsolo.js" from ["src/cljs-lotrsolo"]...[0m
[32mSuccessfully compiled "resources/public/js/compiled/lotrsolo.js" in 0.93 seconds.[0m
notifying browser that file changed:  resources\public\js\compiled\soloout\danuraidb\lotrsoloview.js
[0mCompiling "resources/public/js/compiled/lotrsolo.js" from ["src/cljs-lotrsolo"]...[0m
[32mSuccessfully compiled "resources/public/js/compiled/lotrsolo.js" in 1.061 seconds.[0m
notifying browser that file changed:  resources\public\js\compiled\soloout\danuraidb\lotrsoloview.js
[0mCompiling "resources/public/js/compiled/lotrsolo.js" from ["src/cljs-lotrsolo"]...[0m
[32mSuccessfully compiled "resources/public/js/compiled/lotrsolo.js" in 1.019 seconds.[0m
notifying browser that file changed:  resources\public\js\compiled\soloout\danuraidb\lotrsoloview.js
[0mCompiling "resources/public/js/compiled/lotrsolo.js" from ["src/cljs-lotrsolo"]...[0m
[32mSuccessfully compiled "resources/public/js/compiled/lotrsolo.js" in 0.95 seconds.[0m
notifying browser that file changed:  resources\public\js\compiled\soloout\danuraidb\lotrsoloview.js
[0mCompiling "resources/public/js/compiled/lotrsolo.js" from ["src/cljs-lotrsolo"]...[0m
[32mSuccessfully compiled "resources/public/js/compiled/lotrsolo.js" in 1.175 seconds.[0m
notifying browser that file changed:  resources\public\js\compiled\soloout\danuraidb\lotrsoloview.js
[0mCompiling "resources/public/js/compiled/lotrsolo.js" from ["src/cljs-lotrsolo"]...[0m
[36m----  Compiler Warning on   src/cljs-lotrsolo/danuraidb/lotrsoloview.cljs   line:155  column:35  ----[0m

  [1mWrong number of args (2) passed to cljs.core/deref[0m

  [36m151[0m  [36m    [:div.modal-dialog.modal-lg[0m
  [36m152[0m  [36m      [:div.modal-content[0m
  [36m153[0m  [36m        [:div.modal-body[0m
  [36m154[0m  [36m          [:div.row [0m
  [33m155[0m  [1m            (for [c (-> @ad (-> @ad :selected first))][0m
  [0m   [0m  [33m                            ^--- Wrong number of args (2) passed to cljs.core/deref[0m
  [36m156[0m  [36m              ^{:key (gensym)}[:div.col-3 (:name c)])]][0m
  [36m157[0m  [36m        [:div.modal-footer]]]])[0m
  [36m158[0m  [36m(case (:screen @ad)[0m
  [36m159[0m  [36m  :setup (setup)[0m
  [36m160[0m  [36m  (scenariosetup))[0m

[36m----  Compiler Warning : Please see src/cljs-lotrsolo/danuraidb/lotrsoloview.cljs  ----[0m
[32mSuccessfully compiled "resources/public/js/compiled/lotrsolo.js" in 1.177 seconds.[0m
notifying browser that file changed:  resources\public\js\compiled\soloout\danuraidb\lotrsoloview.js
[0mCompiling "resources/public/js/compiled/lotrsolo.js" from ["src/cljs-lotrsolo"]...[0m
[32mSuccessfully compiled "resources/public/js/compiled/lotrsolo.js" in 0.934 seconds.[0m
notifying browser that file changed:  resources\public\js\compiled\soloout\danuraidb\lotrsoloview.js
[0mCompiling "resources/public/js/compiled/lotrsolo.js" from ["src/cljs-lotrsolo"]...[0m
[32mSuccessfully compiled "resources/public/js/compiled/lotrsolo.js" in 1.03 seconds.[0m
notifying browser that file changed:  resources\public\js\compiled\soloout\danuraidb\lotrsoloview.js
[0mCompiling "resources/public/js/compiled/lotrsolo.js" from ["src/cljs-lotrsolo"]...[0m
[36m----  Compiler Warning on   src/cljs-lotrsolo/danuraidb/lotrsoloview.cljs   line:151  column:72  ----[0m

  [1mUse of undeclared Var danuraidb.lotrsoloview/e[0m

  [36m147[0m  [36m(fn [][0m
  [36m148[0m  [36m  [:div.container-fluid.my-3[0m
  [36m149[0m  [36m    (if (= (:state @ad) :showcards)[0m
  [36m150[0m  [36m      [:div.modal {:style {:display "block" :background-color "rgba(0,0,0,0.3)" :overflow-x "hidden" :overflow-y "auto"} :on-click #(swap! ad dissoc :state)}[0m
  [33m151[0m  [1m        [:div.modal-dialog.modal-lg {:on-click #(.preventPropogation e)}[0m
  [0m   [0m  [33m                                                                     ^--- Use of undeclared Var danuraidb.lotrsoloview/e[0m
  [36m152[0m  [36m          [:div.modal-content[0m
  [36m153[0m  [36m            [:div.modal-body[0m
  [36m154[0m  [36m              [:div.row [0m
  [36m155[0m  [36m                (for [c (get @ad (-> @ad :selected first))][0m
  [36m156[0m  [36m                  ^{:key (gensym)}[:div.col-3 [:img.small-card {:src (:cgdbimgurl c)}]])]][0m

[36m----  Compiler Warning : Please see src/cljs-lotrsolo/danuraidb/lotrsoloview.cljs  ----[0m
[32mSuccessfully compiled "resources/public/js/compiled/lotrsolo.js" in 1.223 seconds.[0m
notifying browser that file changed:  resources\public\js\compiled\soloout\danuraidb\lotrsoloview.js
[0mCompiling "resources/public/js/compiled/lotrsolo.js" from ["src/cljs-lotrsolo"]...[0m
[36m----  Compiler Warning on   src/cljs-lotrsolo/danuraidb/lotrsoloview.cljs   line:151  column:69  ----[0m

  [1mUse of undeclared Var danuraidb.lotrsoloview/e[0m

  [36m147[0m  [36m(fn [][0m
  [36m148[0m  [36m  [:div.container-fluid.my-3[0m
  [36m149[0m  [36m    (if (= (:state @ad) :showcards)[0m
  [36m150[0m  [36m      [:div.modal {:style {:display "block" :background-color "rgba(0,0,0,0.3)" :overflow-x "hidden" :overflow-y "auto"} :on-click #(swap! ad dissoc :state)}[0m
  [33m151[0m  [1m        [:div.modal-dialog.modal-lg {:on-click #(.stopPropogation e)}[0m
  [0m   [0m  [33m                                                                  ^--- Use of undeclared Var danuraidb.lotrsoloview/e[0m
  [36m152[0m  [36m          [:div.modal-content[0m
  [36m153[0m  [36m            [:div.modal-body[0m
  [36m154[0m  [36m              [:div.row [0m
  [36m155[0m  [36m                (for [c (get @ad (-> @ad :selected first))][0m
  [36m156[0m  [36m                  ^{:key (gensym)}[:div.col-3 [:img.small-card {:src (:cgdbimgurl c)}]])]][0m

[36m----  Compiler Warning : Please see src/cljs-lotrsolo/danuraidb/lotrsoloview.cljs  ----[0m
[32mSuccessfully compiled "resources/public/js/compiled/lotrsolo.js" in 1.227 seconds.[0m
notifying browser that file changed:  resources\public\js\compiled\soloout\danuraidb\lotrsoloview.js
[0mCompiling "resources/public/js/compiled/lotrsolo.js" from ["src/cljs-lotrsolo"]...[0m
[32mSuccessfully compiled "resources/public/js/compiled/lotrsolo.js" in 0.967 seconds.[0m
notifying browser that file changed:  resources\public\js\compiled\soloout\danuraidb\lotrsoloview.js
[0mCompiling "resources/public/js/compiled/lotrsolo.js" from ["src/cljs-lotrsolo"]...[0m
[32mSuccessfully compiled "resources/public/js/compiled/lotrsolo.js" in 1.184 seconds.[0m
notifying browser that file changed:  resources\public\js\compiled\soloout\danuraidb\lotrsoloview.js
[0mCompiling "resources/public/js/compiled/lotrsolo.js" from ["src/cljs-lotrsolo"]...[0m
[32mSuccessfully compiled "resources/public/js/compiled/lotrsolo.js" in 1.003 seconds.[0m
notifying browser that file changed:  resources\public\js\compiled\soloout\danuraidb\lotrsoloview.js
[0mCompiling "resources/public/js/compiled/lotrsolo.js" from ["src/cljs-lotrsolo"]...[0m
[32mSuccessfully compiled "resources/public/js/compiled/lotrsolo.js" in 0.969 seconds.[0m
notifying browser that file changed:  resources\public\js\compiled\soloout\danuraidb\lotrsoloview.js
[0mCompiling "resources/public/js/compiled/lotrsolo.js" from ["src/cljs-lotrsolo"]...[0m
[32mSuccessfully compiled "resources/public/js/compiled/lotrsolo.js" in 1.011 seconds.[0m
notifying browser that file changed:  resources\public\js\compiled\soloout\danuraidb\lotrsoloview.js
[0mCompiling "resources/public/js/compiled/lotrsolo.js" from ["src/cljs-lotrsolo"]...[0m
[32mSuccessfully compiled "resources/public/js/compiled/lotrsolo.js" in 0.983 seconds.[0m
notifying browser that file changed:  resources\public\js\compiled\soloout\danuraidb\lotrsoloview.js
[0mCompiling "resources/public/js/compiled/lotrsolo.js" from ["src/cljs-lotrsolo"]...[0m
[32mSuccessfully compiled "resources/public/js/compiled/lotrsolo.js" in 0.943 seconds.[0m
notifying browser that file changed:  resources\public\js\compiled\soloout\danuraidb\lotrsoloview.js
[0mCompiling "resources/public/js/compiled/lotrsolo.js" from ["src/cljs-lotrsolo"]...[0m
[32mSuccessfully compiled "resources/public/js/compiled/lotrsolo.js" in 1.054 seconds.[0m
notifying browser that file changed:  resources\public\js\compiled\soloout\danuraidb\lotrsoloview.js
[0mCompiling "resources/public/js/compiled/lotrsolo.js" from ["src/cljs-lotrsolo"]...[0m
[32mSuccessfully compiled "resources/public/js/compiled/lotrsolo.js" in 0.934 seconds.[0m
notifying browser that file changed:  resources\public\js\compiled\soloout\danuraidb\lotrsoloview.js
[0mCompiling "resources/public/js/compiled/lotrsolo.js" from ["src/cljs-lotrsolo"]...[0m
[32mSuccessfully compiled "resources/public/js/compiled/lotrsolo.js" in 1.047 seconds.[0m
notifying browser that file changed:  resources\public\js\compiled\soloout\danuraidb\lotrsoloview.js
[0mCompiling "resources/public/js/compiled/lotrsolo.js" from ["src/cljs-lotrsolo"]...[0m
[32mSuccessfully compiled "resources/public/js/compiled/lotrsolo.js" in 0.985 seconds.[0m
notifying browser that file changed:  resources\public\js\compiled\soloout\danuraidb\lotrsoloview.js
[0mCompiling "resources/public/js/compiled/lotrsolo.js" from ["src/cljs-lotrsolo"]...[0m
[32mSuccessfully compiled "resources/public/js/compiled/lotrsolo.js" in 1.008 seconds.[0m
notifying browser that file changed:  resources\public\js\compiled\soloout\danuraidb\lotrsoloview.js
[0mCompiling "resources/public/js/compiled/lotrsolo.js" from ["src/cljs-lotrsolo"]...[0m
[32mSuccessfully compiled "resources/public/js/compiled/lotrsolo.js" in 1.07 seconds.[0m
notifying browser that file changed:  resources\public\js\compiled\soloout\danuraidb\lotrsoloview.js
[0mCompiling "resources/public/js/compiled/lotrsolo.js" from ["src/cljs-lotrsolo"]...[0m
[31mFailed to compile "resources/public/js/compiled/lotrsolo.js" in 0.511 seconds.[0m
[36m----  Could not Read  src/cljs-lotrsolo/danuraidb/lotrsoloview.cljs   line:158 ----[0m

  [1mD:\Projects\danuraidb\src\cljs-lotrsolo\danuraidb\lotrsoloview.cljs [line 158, col 77] Unmatched delimiter ).[0m

  [36m156[0m  [36m              ^{:key (gensym)}[:img.small-card {:src (:cgdbimgurl c)}])]][0m
  [36m157[0m  [36m        [:div.modal-footer[0m
  [33m158[0m  [1m          [:buton.btn.btn-primary {:data-dismiss "modal"} "Close"]]]])[0m
  [0m   [0m  [33m          D:\Projects\danuraidb\src\cljs-lotrsolo\danuraidb\lotrsoloview.cljs [line 158, col 77] Unmatched delimiter ).[0m
  [36m159[0m  [36m(case (:screen @ad)[0m
  [36m160[0m  [36m  :setup (setup)[0m
  [36m161[0m  [36m  (scenariosetup))[0m

[36m----  Reader Error : Please see src/cljs-lotrsolo/danuraidb/lotrsoloview.cljs  ----[0m
[0mCompiling "resources/public/js/compiled/lotrsolo.js" from ["src/cljs-lotrsolo"]...[0m
[32mSuccessfully compiled "resources/public/js/compiled/lotrsolo.js" in 1.003 seconds.[0m
notifying browser that file changed:  resources\public\js\compiled\soloout\danuraidb\lotrsoloview.js
[0mCompiling "resources/public/js/compiled/lotrsolo.js" from ["src/cljs-lotrsolo"]...[0m
[32mSuccessfully compiled "resources/public/js/compiled/lotrsolo.js" in 1.537 seconds.[0m
notifying browser that file changed:  resources\public\js\compiled\soloout\danuraidb\lotrsoloview.js
[0mCompiling "resources/public/js/compiled/lotrsolo.js" from ["src/cljs-lotrsolo"]...[0m
[32mSuccessfully compiled "resources/public/js/compiled/lotrsolo.js" in 0.964 seconds.[0m
notifying browser that file changed:  resources\public\js\compiled\soloout\danuraidb\lotrsoloview.js
[0mCompiling "resources/public/js/compiled/lotrsolo.js" from ["src/cljs-lotrsolo"]...[0m
[32mSuccessfully compiled "resources/public/js/compiled/lotrsolo.js" in 0.997 seconds.[0m
notifying browser that file changed:  resources\public\js\compiled\soloout\danuraidb\lotrsoloview.js
[0mCompiling "resources/public/js/compiled/lotrsolo.js" from ["src/cljs-lotrsolo"]...[0m
[31mFailed to compile "resources/public/js/compiled/lotrsolo.js" in 0.352 seconds.[0m
[36m----  Could not Analyze  src/cljs-lotrsolo/danuraidb/lotrsoloview.cljs  ----[0m

  [1mInvalid :refer, var danuraidb.lotrsolomodel/shuffle-deck! does not exist [0m

[36m----  Analysis Error : Please see src/cljs-lotrsolo/danuraidb/lotrsoloview.cljs  ----[0m
[0mCompiling "resources/public/js/compiled/lotrsolo.js" from ["src/cljs-lotrsolo"]...[0m
[36m----  Compiler Warning on   src/cljs-lotrsolo/danuraidb/lotrsoloview.cljs   line:52  column:40  ----[0m

  [1mUse of undeclared Var danuraidb.lotrsoloview/shuffle-edeck![0m

  [36m50[0m  [36m(def commandbuttons (r/atom [[0m
  [36m51[0m  [36m  {:active true :title "show" :fn #(showcards!)}[0m
  [33m52[0m  [1m  {:active true :title "Shuffle" :fn #(shuffle-edeck!)}[0m
  [0m  [0m  [33m                                       ^--- Use of undeclared Var danuraidb.lotrsoloview/shuffle-edeck![0m
  [36m53[0m  [36m  {:active true :title "Draw"   :fn #(draw-card!)}[0m
  [36m54[0m  [36m  {:active true :title "Exhaust" :fn #(exhaust-selected!)}[0m
  [36m55[0m  [36m  {:active true :title "Discard" :fn #(discard-selected!)}[0m
  [36m56[0m  [36m  {:active true :title "+ Dmg"  :fn #(set-counter! :damage inc)}[0m
  [36m57[0m  [36m  {:active true :title "- Dmg"  :fn #(set-counter! :damage dec)}[0m

[36m----  Compiler Warning : Please see src/cljs-lotrsolo/danuraidb/lotrsoloview.cljs  ----[0m
[32mSuccessfully compiled "resources/public/js/compiled/lotrsolo.js" in 1.136 seconds.[0m
notifying browser that file changed:  resources\public\js\compiled\soloout\danuraidb\lotrsolomodel.js
[0mCompiling "resources/public/js/compiled/lotrsolo.js" from ["src/cljs-lotrsolo"]...[0m
[36m----  Compiler Warning on   src/cljs-lotrsolo/danuraidb/lotrsoloview.cljs   line:52  column:39  ----[0m

  [1mWrong number of args (0) passed to danuraidb.lotrsolomodel/shuffle-deck![0m

  [36m50[0m  [36m(def commandbuttons (r/atom [[0m
  [36m51[0m  [36m  {:active true :title "show" :fn #(showcards!)}[0m
  [33m52[0m  [1m  {:active true :title "Shuffle" :fn #(shuffle-deck!)}[0m
  [0m  [0m  [33m                                      ^--- Wrong number of args (0) passed to danuraidb.lotrsolomodel/shuffle-deck![0m
  [36m53[0m  [36m  {:active true :title "Draw"   :fn #(draw-card!)}[0m
  [36m54[0m  [36m  {:active true :title "Exhaust" :fn #(exhaust-selected!)}[0m
  [36m55[0m  [36m  {:active true :title "Discard" :fn #(discard-selected!)}[0m
  [36m56[0m  [36m  {:active true :title "+ Dmg"  :fn #(set-counter! :damage inc)}[0m
  [36m57[0m  [36m  {:active true :title "- Dmg"  :fn #(set-counter! :damage dec)}[0m

[36m----  Compiler Warning : Please see src/cljs-lotrsolo/danuraidb/lotrsoloview.cljs  ----[0m
[32mSuccessfully compiled "resources/public/js/compiled/lotrsolo.js" in 1.218 seconds.[0m
notifying browser that file changed:  resources\public\js\compiled\soloout\danuraidb\lotrsoloview.js
[0mCompiling "resources/public/js/compiled/lotrsolo.js" from ["src/cljs-lotrsolo"]...[0m
[31mFailed to compile "resources/public/js/compiled/lotrsolo.js" in 0.385 seconds.[0m
[36m----  Could not Read  src/cljs-lotrsolo/danuraidb/lotrsolomodel.cljs   line:106 ----[0m

  [1mD:\Projects\danuraidb\src\cljs-lotrsolo\danuraidb\lotrsolomodel.cljs [line 106, col 58] Unmatched delimiter ].[0m

  [36m104[0m  [36m  (let [deck-key (-> @ad :selected first[0m
  [36m105[0m  [36m        p1 (filter #(= (:loc %) :deck) (deckkey @ad))[0m
  [33m106[0m  [1m        p2 (filter #(not= (:loc %) :deck) (deckkey @ad))][0m
  [0m   [0m  [33m        D:\Projects\danuraidb\src\cljs-lotrsolo\danuraidb\lotrsolomodel.cljs [line 106, col 58] Unmatched delimiter ].[0m
  [36m107[0m  [36m    (swap! ad assoc deckkey (concat p2 (shuffle p1)))))[0m
  [36m108[0m  [36m    [0m
  [36m109[0m  [36m(defn draw-card! [][0m

[36m----  Reader Error : Please see src/cljs-lotrsolo/danuraidb/lotrsolomodel.cljs  ----[0m
[0mCompiling "resources/public/js/compiled/lotrsolo.js" from ["src/cljs-lotrsolo"]...[0m
[36m----  Compiler Warning on   src/cljs-lotrsolo/danuraidb/lotrsolomodel.cljs   line:105  column:41  ----[0m

  [1mUse of undeclared Var danuraidb.lotrsolomodel/deckkey[0m

  [36m102[0m  [36m; shuffle-deck[0m
  [36m103[0m  [36m(defn shuffle-deck! [][0m
  [36m104[0m  [36m  (let [deck-key (-> @ad :selected first)[0m
  [33m105[0m  [1m        p1 (filter #(= (:loc %) :deck) (deckkey @ad))[0m
  [0m   [0m  [33m                                        ^--- Use of undeclared Var danuraidb.lotrsolomodel/deckkey[0m
  [36m106[0m  [36m        p2 (filter #(not= (:loc %) :deck) (deckkey @ad))][0m
  [36m107[0m  [36m    (swap! ad assoc deckkey (concat p2 (shuffle p1)))))[0m
  [36m108[0m  [36m    [0m
  [36m109[0m  [36m(defn draw-card! [][0m
  [36m110[0m  [36m  (let [deck (-> @ad :selected first)[0m

[36m----  Compiler Warning : Please see src/cljs-lotrsolo/danuraidb/lotrsolomodel.cljs  ----[0m
[36m----  Compiler Warning on   src/cljs-lotrsolo/danuraidb/lotrsolomodel.cljs   line:106  column:44  ----[0m

  [1mUse of undeclared Var danuraidb.lotrsolomodel/deckkey[0m

  [36m102[0m  [36m; shuffle-deck[0m
  [36m103[0m  [36m(defn shuffle-deck! [][0m
  [36m104[0m  [36m  (let [deck-key (-> @ad :selected first)[0m
  [36m105[0m  [36m        p1 (filter #(= (:loc %) :deck) (deckkey @ad))[0m
  [33m106[0m  [1m        p2 (filter #(not= (:loc %) :deck) (deckkey @ad))][0m
  [0m   [0m  [33m                                           ^--- Use of undeclared Var danuraidb.lotrsolomodel/deckkey[0m
  [36m107[0m  [36m    (swap! ad assoc deckkey (concat p2 (shuffle p1)))))[0m
  [36m108[0m  [36m    [0m
  [36m109[0m  [36m(defn draw-card! [][0m
  [36m110[0m  [36m  (let [deck (-> @ad :selected first)[0m
  [36m111[0m  [36m        p1 (filter #(= (:loc %) :deck) (deck @ad))[0m

[36m----  Compiler Warning : Please see src/cljs-lotrsolo/danuraidb/lotrsolomodel.cljs  ----[0m
[36m----  Compiler Warning on   src/cljs-lotrsolo/danuraidb/lotrsolomodel.cljs   line:107  column:21  ----[0m

  [1mUse of undeclared Var danuraidb.lotrsolomodel/deckkey[0m

  [36m103[0m  [36m(defn shuffle-deck! [][0m
  [36m104[0m  [36m  (let [deck-key (-> @ad :selected first)[0m
  [36m105[0m  [36m        p1 (filter #(= (:loc %) :deck) (deckkey @ad))[0m
  [36m106[0m  [36m        p2 (filter #(not= (:loc %) :deck) (deckkey @ad))][0m
  [33m107[0m  [1m    (swap! ad assoc deckkey (concat p2 (shuffle p1)))))[0m
  [0m   [0m  [33m                    ^--- Use of undeclared Var danuraidb.lotrsolomodel/deckkey[0m
  [36m108[0m  [36m    [0m
  [36m109[0m  [36m(defn draw-card! [][0m
  [36m110[0m  [36m  (let [deck (-> @ad :selected first)[0m
  [36m111[0m  [36m        p1 (filter #(= (:loc %) :deck) (deck @ad))[0m
  [36m112[0m  [36m        p2 (filter #(not= (:loc %) :deck) (deck @ad))][0m

[36m----  Compiler Warning : Please see src/cljs-lotrsolo/danuraidb/lotrsolomodel.cljs  ----[0m
[32mSuccessfully compiled "resources/public/js/compiled/lotrsolo.js" in 1.261 seconds.[0m
notifying browser that file changed:  resources\public\js\compiled\soloout\danuraidb\lotrsolomodel.js
[0mCompiling "resources/public/js/compiled/lotrsolo.js" from ["src/cljs-lotrsolo"]...[0m
[32mSuccessfully compiled "resources/public/js/compiled/lotrsolo.js" in 0.822 seconds.[0m
notifying browser that file changed:  resources\public\js\compiled\soloout\danuraidb\lotrsolomodel.js
[0mCompiling "resources/public/js/compiled/lotrsolo.js" from ["src/cljs-lotrsolo"]...[0m
[36m----  Compiler Warning on   src/cljs-lotrsolo/danuraidb/lotrsolomodel.cljs   line:107  column:21  ----[0m

  [1mUse of undeclared Var danuraidb.lotrsolomodel/deckkey[0m

  [36m103[0m  [36m(defn shuffle-deck! [][0m
  [36m104[0m  [36m  (let [deck-key (-> @ad :selected first)[0m
  [36m105[0m  [36m        p1 (filter #(= (:loc %) :deck) (deck-key @ad))[0m
  [36m106[0m  [36m        p2 (filter #(not= (:loc %) :deck) (deck-key @ad))][0m
  [33m107[0m  [1m    (swap! ad assoc deckkey (concat p2 (shuffle p1)))))[0m
  [0m   [0m  [33m                    ^--- Use of undeclared Var danuraidb.lotrsolomodel/deckkey[0m
  [36m108[0m  [36m    [0m
  [36m109[0m  [36m(defn draw-card! [][0m
  [36m110[0m  [36m  (let [deck (-> @ad :selected first)[0m
  [36m111[0m  [36m        p1 (filter #(= (:loc %) :deck) (deck @ad))[0m
  [36m112[0m  [36m        p2 (filter #(not= (:loc %) :deck) (deck @ad))][0m

[36m----  Compiler Warning : Please see src/cljs-lotrsolo/danuraidb/lotrsolomodel.cljs  ----[0m
[32mSuccessfully compiled "resources/public/js/compiled/lotrsolo.js" in 1.289 seconds.[0m
notifying browser that file changed:  resources\public\js\compiled\soloout\danuraidb\lotrsolomodel.js
[0mCompiling "resources/public/js/compiled/lotrsolo.js" from ["src/cljs-lotrsolo"]...[0m
[32mSuccessfully compiled "resources/public/js/compiled/lotrsolo.js" in 1.029 seconds.[0m
notifying browser that file changed:  resources\public\js\compiled\soloout\danuraidb\lotrsolomodel.js
[0mCompiling "resources/public/js/compiled/lotrsolo.js" from ["src/cljs-lotrsolo"]...[0m
[32mSuccessfully compiled "resources/public/js/compiled/lotrsolo.js" in 0.938 seconds.[0m
notifying browser that file changed:  resources\public\js\compiled\soloout\danuraidb\lotrsoloview.js
[0mCompiling "resources/public/js/compiled/lotrsolo.js" from ["src/cljs-lotrsolo"]...[0m
[32mSuccessfully compiled "resources/public/js/compiled/lotrsolo.js" in 1.016 seconds.[0m
notifying browser that file changed:  resources\public\js\compiled\soloout\danuraidb\lotrsoloview.js
[0mCompiling "resources/public/js/compiled/lotrsolo.js" from ["src/cljs-lotrsolo"]...[0m
[32mSuccessfully compiled "resources/public/js/compiled/lotrsolo.js" in 1.029 seconds.[0m
notifying browser that file changed:  resources\public\js\compiled\soloout\danuraidb\lotrsoloview.js
[0mCompiling "resources/public/js/compiled/lotrsolo.js" from ["src/cljs-lotrsolo"]...[0m
[32mSuccessfully compiled "resources/public/js/compiled/lotrsolo.js" in 0.956 seconds.[0m
notifying browser that file changed:  resources\public\js\compiled\soloout\danuraidb\lotrsoloview.js
[0mCompiling "resources/public/js/compiled/lotrsolo.js" from ["src/cljs-lotrsolo"]...[0m
[31mFailed to compile "resources/public/js/compiled/lotrsolo.js" in 0.421 seconds.[0m
[36m----  Could not Read  src/cljs-lotrsolo/danuraidb/lotrsolomodel.cljs   line:107 ----[0m

  [1mD:\Projects\danuraidb\src\cljs-lotrsolo\danuraidb\lotrsolomodel.cljs [line 107, col 62] Unmatched delimiter ].[0m

  [36m105[0m  [36m    (if (contains? #{:edeck :p1deck} deck-key)[0m
  [36m106[0m  [36m      (let p1 (filter #(= (:loc %) :deck) (deck-key @ad))[0m
  [33m107[0m  [1m           p2 (filter #(not= (:loc %) :deck) (deck-key @ad))][0m
  [0m   [0m  [33m           D:\Projects\danuraidb\src\cljs-lotrsolo\danuraidb\lotrsolomodel.cljs [line 107, col 62] Unmatched delimiter ].[0m
  [36m108[0m  [36m        (swap! ad assoc deck-key (concat p2 (shuffle p1)))))))[0m
  [36m109[0m  [36m    [0m
  [36m110[0m  [36m(defn draw-card! [][0m

[36m----  Reader Error : Please see src/cljs-lotrsolo/danuraidb/lotrsolomodel.cljs  ----[0m
[0mCompiling "resources/public/js/compiled/lotrsolo.js" from ["src/cljs-lotrsolo"]...[0m
[32mSuccessfully compiled "resources/public/js/compiled/lotrsolo.js" in 1.09 seconds.[0m
notifying browser that file changed:  resources\public\js\compiled\soloout\danuraidb\lotrsolomodel.js
[0mCompiling "resources/public/js/compiled/lotrsolo.js" from ["src/cljs-lotrsolo"]...[0m
[32mSuccessfully compiled "resources/public/js/compiled/lotrsolo.js" in 1.351 seconds.[0m
notifying browser that file changed:  resources\public\js\compiled\soloout\danuraidb\lotrsolomodel.js
[0mCompiling "resources/public/js/compiled/lotrsolo.js" from ["src/cljs-lotrsolo"]...[0m
[32mSuccessfully compiled "resources/public/js/compiled/lotrsolo.js" in 1.118 seconds.[0m
notifying browser that file changed:  resources\public\js\compiled\soloout\danuraidb\lotrsolomodel.js
[0mCompiling "resources/public/js/compiled/lotrsolo.js" from ["src/cljs-lotrsolo"]...[0m
[32mSuccessfully compiled "resources/public/js/compiled/lotrsolo.js" in 1.028 seconds.[0m
notifying browser that file changed:  resources\public\js\compiled\soloout\danuraidb\lotrsolomodel.js
[0mCompiling "resources/public/js/compiled/lotrsolo.js" from ["src/cljs-lotrsolo"]...[0m
[32mSuccessfully compiled "resources/public/js/compiled/lotrsolo.js" in 1.032 seconds.[0m
notifying browser that file changed:  resources\public\js\compiled\soloout\danuraidb\lotrsolomodel.js
[0mCompiling "resources/public/js/compiled/lotrsolo.js" from ["src/cljs-lotrsolo"]...[0m
[36m----  Compiler Warning on   src/cljs-lotrsolo/danuraidb/lotrsolomodel.cljs   line:126  column:27  ----[0m

  [1mUse of undeclared Var danuraidb.lotrsolomodel/deck[0m

  [36m122[0m  [36m      (case deck-key[0m
  [36m123[0m  [36m        :edeck [0m
  [36m124[0m  [36m          (swap! ad assoc :edeck (concat [(assoc (first p1) :loc :stage)] p2 (rest p1)))[0m
  [36m125[0m  [36m        (:p1deck :p2deck)[0m
  [33m126[0m  [1m          (swap! ad assoc deck (concat [(assoc (first p1) :loc :area)] p2 (rest p1))))[0m
  [0m   [0m  [33m                          ^--- Use of undeclared Var danuraidb.lotrsolomodel/deck[0m
  [36m127[0m  [36m      (log (str deck-key " draw")) )))[0m
  [36m128[0m  [36m        [0m
  [36m129[0m  [36m(defn set-counter! [ param func ][0m
  [36m130[0m  [36m  (doseq [deck [:edeck :p1deck :p2deck]][0m
  [36m131[0m  [36m    (swap! ad assoc deck[0m

[36m----  Compiler Warning : Please see src/cljs-lotrsolo/danuraidb/lotrsolomodel.cljs  ----[0m
[32mSuccessfully compiled "resources/public/js/compiled/lotrsolo.js" in 1.215 seconds.[0m
notifying browser that file changed:  resources\public\js\compiled\soloout\danuraidb\lotrsolomodel.js
[0mCompiling "resources/public/js/compiled/lotrsolo.js" from ["src/cljs-lotrsolo"]...[0m
[32mSuccessfully compiled "resources/public/js/compiled/lotrsolo.js" in 1.232 seconds.[0m
notifying browser that file changed:  resources\public\js\compiled\soloout\danuraidb\lotrsolomodel.js
[0mCompiling "resources/public/js/compiled/lotrsolo.js" from ["src/cljs-lotrsolo"]...[0m
[32mSuccessfully compiled "resources/public/js/compiled/lotrsolo.js" in 0.964 seconds.[0m
notifying browser that file changed:  resources\public\js\compiled\soloout\danuraidb\lotrsoloview.js
